This is LuaHBTeX, Version 1.17.1 (MiKTeX 24.1) (format=lualatex 2025.7.4)  15 NOV 2025 14:04
 restricted system commands enabled.
**tex_control_LT.tex
(./tex_control_LT.tex
LaTeX2e <2023-11-01> patch level 1
L3 programming layer <2024-01-04>
Lua module: luaotfload 2023-08-31 3.26 Lua based OpenType font support
Lua module: lualibs 2023-07-13 2.76 ConTeXt Lua standard libraries.
Lua module: lualibs-extended 2023-07-13 2.76 ConTeXt Lua libraries -- extended c
ollection.
luaotfload | conf : Root cache directory is "C:/Users/campa/AppData/Local/MiKTeX
/luatex-cache/generic/names".
luaotfload | init : Loading fontloader "fontloader-2023-08-19.lua" from kpse-res
olved path "C:/Users/campa/AppData/Local/Programs/MiKTeX/tex/luatex/luaotfload/f
ontloader-2023-08-19.lua".
Lua-only attribute luaotfload@noligature = 1
luaotfload | init : Context OpenType loader version 3.133
Inserting `luaotfload.node_processor' in `pre_linebreak_filter'.
Inserting `luaotfload.node_processor' in `hpack_filter'.
Inserting `luaotfload.glyph_stream' in `glyph_stream_provider'.
Inserting `luaotfload.define_font' in `define_font'.
Lua-only attribute luaotfload_color_attribute = 2
luaotfload | conf : Root cache directory is "C:/Users/campa/AppData/Local/MiKTeX
/luatex-cache/generic/names".
Inserting `luaotfload.harf.strip_prefix' in `find_opentype_file'.
Inserting `luaotfload.harf.strip_prefix' in `find_truetype_file'.
Removing  `luaotfload.glyph_stream' from `glyph_stream_provider'.
Inserting `luaotfload.harf.glyphstream' in `glyph_stream_provider'.
Inserting `luaotfload.harf.finalize_vlist' in `post_linebreak_filter'.
Inserting `luaotfload.harf.finalize_hlist' in `hpack_filter'.
Inserting `luaotfload.cleanup_files' in `wrapup_run'.
Inserting `luaotfload.harf.finalize_unicode' in `finish_pdffile'.
Inserting `luaotfload.glyphinfo' in `glyph_info'.
Lua-only attribute luaotfload.letterspace_done = 3
Inserting `luaotfload.aux.set_sscale_dimens' in `luaotfload.patch_font'.
Inserting `luaotfload.aux.set_font_index' in `luaotfload.patch_font'.
Inserting `luaotfload.aux.patch_cambria_domh' in `luaotfload.patch_font'.
Inserting `luaotfload.aux.fixup_fontdata' in `luaotfload.patch_font_unsafe'.
Inserting `luaotfload.aux.set_capheight' in `luaotfload.patch_font'.
Inserting `luaotfload.aux.set_xheight' in `luaotfload.patch_font'.
Inserting `luaotfload.rewrite_fontname' in `luaotfload.patch_font'.
Inserting `tracingstacklevels' in `input_level_string'. (C:/Users/campa/AppData
/Local/Programs/MiKTeX/tex/latex/base/article.cls
Document Class: article 2023/05/17 v1.4n Standard LaTeX document class
(C:/Users/campa/AppData/Local/Programs/MiKTeX/tex/latex/base/size10.clo
File: size10.clo 2023/05/17 v1.4n Standard LaTeX file (size option)
luaotfload | db : Font names database loaded from C:/Users/campa/AppData/Local/M
iKTeX/luatex-cache/generic/names/luaotfload-names.luc.gz)
\c@part=\count185
\c@section=\count186
\c@subsection=\count187
\c@subsubsection=\count188
\c@paragraph=\count189
\c@subparagraph=\count190
\c@figure=\count191
\c@table=\count192
\abovecaptionskip=\skip48
\belowcaptionskip=\skip49
\bibindent=\dimen139
)
(C:/Users/campa/AppData/Local/Programs/MiKTeX/tex/latex/graphics/graphicx.sty
Package: graphicx 2021/09/16 v1.2d Enhanced LaTeX Graphics (DPC,SPQR)

(C:/Users/campa/AppData/Local/Programs/MiKTeX/tex/latex/graphics/keyval.sty
Package: keyval 2022/05/29 v1.15 key=value parser (DPC)
\KV@toks@=\toks17
)
(C:/Users/campa/AppData/Local/Programs/MiKTeX/tex/latex/graphics/graphics.sty
Package: graphics 2022/03/10 v1.4e Standard LaTeX Graphics (DPC,SPQR)

(C:/Users/campa/AppData/Local/Programs/MiKTeX/tex/latex/graphics/trig.sty
Package: trig 2021/08/11 v1.11 sin cos tan (DPC)
)
(C:/Users/campa/AppData/Local/Programs/MiKTeX/tex/latex/graphics-cfg/graphics.c
fg
File: graphics.cfg 2016/06/04 v1.11 sample graphics configuration
)
Package graphics Info: Driver file: luatex.def on input line 107.

(C:/Users/campa/AppData/Local/Programs/MiKTeX/tex/latex/graphics-def/luatex.def
File: luatex.def 2022/09/22 v1.2d Graphics/color driver for luatex
))
\Gin@req@height=\dimen140
\Gin@req@width=\dimen141
)
(C:/Users/campa/AppData/Local/Programs/MiKTeX/tex/latex/adjustbox/adjustbox.sty
Package: adjustbox 2025/02/26 v1.3c Adjusting TeX boxes (trim, clip, ...)
(C:/Users/campa/AppData/Local/Programs/MiKTeX/tex/latex/xkeyval/xkeyval.sty
Package: xkeyval 2022/06/16 v2.9 package option processing (HA)

(C:/Users/campa/AppData/Local/Programs/MiKTeX/tex/generic/xkeyval/xkeyval.tex
(C:/Users/campa/AppData/Local/Programs/MiKTeX/tex/generic/xkeyval/xkvutils.tex
\XKV@toks=\toks18
\XKV@tempa@toks=\toks19
)
\XKV@depth=\count193
File: xkeyval.tex 2014/12/03 v2.7a key=value parser (HA)
))
(C:/Users/campa/AppData/Local/Programs/MiKTeX/tex/latex/adjustbox/adjcalc.sty
Package: adjcalc 2012/05/16 v1.1 Provides advanced setlength with multiple back
-ends (calc, etex, pgfmath)
)
(C:/Users/campa/AppData/Local/Programs/MiKTeX/tex/latex/adjustbox/trimclip.sty
Package: trimclip 2025/02/21 v1.2a Trim and clip general TeX material

(C:/Users/campa/AppData/Local/Programs/MiKTeX/tex/latex/collectbox/collectbox.s
ty
Package: collectbox 2022/10/17 v0.4c Collect macro arguments as boxes
\collectedbox=\box51
)
\tc@llx=\dimen142
\tc@lly=\dimen143
\tc@urx=\dimen144
\tc@ury=\dimen145
Package trimclip Info: Using driver 'tc-luatex.def'.

(C:/Users/campa/AppData/Local/Programs/MiKTeX/tex/latex/adjustbox/tc-luatex.def
File: tc-luatex.def 2025/02/26 v1.1 Clipping driver for luatex

(C:/Users/campa/AppData/Local/Programs/MiKTeX/tex/latex/adjustbox/tc-pdftex.def
File: tc-pdftex.def 2025/02/26 v2.3 Clipping driver for pdftex
)))
\adjbox@Width=\dimen146
\adjbox@Height=\dimen147
\adjbox@Depth=\dimen148
\adjbox@Totalheight=\dimen149
\adjbox@pwidth=\dimen150
\adjbox@pheight=\dimen151
\adjbox@pdepth=\dimen152
\adjbox@ptotalheight=\dimen153

(C:/Users/campa/AppData/Local/Programs/MiKTeX/tex/latex/ifoddpage/ifoddpage.sty
Package: ifoddpage 2022/10/18 v1.2 Conditionals for odd/even page detection
\c@checkoddpage=\count194
) (C:/Users/campa/AppData/Local/Programs/MiKTeX/tex/latex/varwidth/varwidth.sty
Package: varwidth 2009/03/30 ver 0.92;  Variable-width minipages
\@vwid@box=\box52
\sift@deathcycles=\count195
\@vwid@loff=\dimen154
\@vwid@roff=\dimen155
)) (C:/Users/campa/AppData/Local/Programs/MiKTeX/tex/latex/natbib/natbib.sty
Package: natbib 2010/09/13 8.31b (PWD, AO)
\bibhang=\skip50
\bibsep=\skip51
LaTeX Info: Redefining \cite on input line 694.
\c@NAT@ctr=\count196
)
(C:/Users/campa/AppData/Local/Programs/MiKTeX/tex/latex/hyperref/hyperref.sty
Package: hyperref 2023-11-26 v7.01g Hypertext links for LaTeX

(C:/Users/campa/AppData/Local/Programs/MiKTeX/tex/generic/iftex/iftex.sty
Package: iftex 2022/02/03 v1.0f TeX engine tests
)
(C:/Users/campa/AppData/Local/Programs/MiKTeX/tex/generic/infwarerr/infwarerr.s
ty
Package: infwarerr 2019/12/03 v1.5 Providing info/warning/error messages (HO)
)
(C:/Users/campa/AppData/Local/Programs/MiKTeX/tex/latex/kvsetkeys/kvsetkeys.sty
Package: kvsetkeys 2022-10-05 v1.19 Key value parser (HO)
)
(C:/Users/campa/AppData/Local/Programs/MiKTeX/tex/generic/kvdefinekeys/kvdefine
keys.sty
Package: kvdefinekeys 2019-12-19 v1.6 Define keys (HO)
)
(C:/Users/campa/AppData/Local/Programs/MiKTeX/tex/generic/pdfescape/pdfescape.s
ty
Package: pdfescape 2019/12/09 v1.15 Implements pdfTeX's escape features (HO)

(C:/Users/campa/AppData/Local/Programs/MiKTeX/tex/generic/ltxcmds/ltxcmds.sty
Package: ltxcmds 2023-12-04 v1.26 LaTeX kernel commands for general use (HO)
)
(C:/Users/campa/AppData/Local/Programs/MiKTeX/tex/generic/pdftexcmds/pdftexcmds
.sty
Package: pdftexcmds 2020-06-27 v0.33 Utility functions of pdfTeX for LuaTeX (HO
)
Package pdftexcmds Info: \pdf@primitive is available.
Package pdftexcmds Info: \pdf@ifprimitive is available.
Package pdftexcmds Info: \pdfdraftmode found.
\pdftexcmds@toks=\toks20
))
(C:/Users/campa/AppData/Local/Programs/MiKTeX/tex/latex/hycolor/hycolor.sty
Package: hycolor 2020-01-27 v1.10 Color options for hyperref/bookmark (HO)
)
(C:/Users/campa/AppData/Local/Programs/MiKTeX/tex/latex/letltxmacro/letltxmacro
.sty
Package: letltxmacro 2019/12/03 v1.6 Let assignment for LaTeX macros (HO)
)
(C:/Users/campa/AppData/Local/Programs/MiKTeX/tex/latex/auxhook/auxhook.sty
Package: auxhook 2019-12-17 v1.6 Hooks for auxiliary files (HO)
)
(C:/Users/campa/AppData/Local/Programs/MiKTeX/tex/latex/hyperref/nameref.sty
Package: nameref 2023-11-26 v2.56 Cross-referencing by name of section

(C:/Users/campa/AppData/Local/Programs/MiKTeX/tex/latex/refcount/refcount.sty
Package: refcount 2019/12/15 v3.6 Data extraction from label references (HO)
)
(C:/Users/campa/AppData/Local/Programs/MiKTeX/tex/generic/gettitlestring/gettit
lestring.sty
Package: gettitlestring 2019/12/15 v1.6 Cleanup title references (HO)

(C:/Users/campa/AppData/Local/Programs/MiKTeX/tex/latex/kvoptions/kvoptions.sty
Package: kvoptions 2022-06-15 v3.15 Key value format for package options (HO)
))
\c@section@level=\count197
)
(C:/Users/campa/AppData/Local/Programs/MiKTeX/tex/latex/etoolbox/etoolbox.sty
Package: etoolbox 2020/10/05 v2.5k e-TeX tools for LaTeX (JAW)
\etb@tempcnta=\count198
)
\@linkdim=\dimen156
\Hy@linkcounter=\count199
\Hy@pagecounter=\count266

(C:/Users/campa/AppData/Local/Programs/MiKTeX/tex/latex/hyperref/pd1enc.def
File: pd1enc.def 2023-11-26 v7.01g Hyperref: PDFDocEncoding definition (HO)
)
(C:/Users/campa/AppData/Local/Programs/MiKTeX/tex/generic/intcalc/intcalc.sty
Package: intcalc 2019/12/15 v1.3 Expandable calculations with integers (HO)
)
\Hy@SavedSpaceFactor=\count267

(C:/Users/campa/AppData/Local/Programs/MiKTeX/tex/latex/hyperref/puenc.def
File: puenc.def 2023-11-26 v7.01g Hyperref: PDF Unicode definition (HO)
)
Package hyperref Info: Hyper figures OFF on input line 4181.
Package hyperref Info: Link nesting OFF on input line 4186.
Package hyperref Info: Hyper index ON on input line 4189.
Package hyperref Info: Plain pages OFF on input line 4196.
Package hyperref Info: Backreferencing OFF on input line 4201.
Package hyperref Info: Implicit mode ON; LaTeX internals redefined.
Package hyperref Info: Bookmarks ON on input line 4448.
\c@Hy@tempcnt=\count268

(C:/Users/campa/AppData/Local/Programs/MiKTeX/tex/latex/url/url.sty
\Urlmuskip=\muskip16
Package: url 2013/09/16  ver 3.4  Verb mode for urls, etc.
)
LaTeX Info: Redefining \url on input line 4786.
\XeTeXLinkMargin=\dimen157

(C:/Users/campa/AppData/Local/Programs/MiKTeX/tex/generic/bitset/bitset.sty
Package: bitset 2019/12/09 v1.3 Handle bit-vector datatype (HO)

(C:/Users/campa/AppData/Local/Programs/MiKTeX/tex/generic/bigintcalc/bigintcalc
.sty
Package: bigintcalc 2019/12/15 v1.5 Expandable calculations on big integers (HO
)
))
\Fld@menulength=\count269
\Field@Width=\dimen158
\Fld@charsize=\dimen159
Package hyperref Info: Hyper figures OFF on input line 6065.
Package hyperref Info: Link nesting OFF on input line 6070.
Package hyperref Info: Hyper index ON on input line 6073.
Package hyperref Info: backreferencing OFF on input line 6080.
Package hyperref Info: Link coloring OFF on input line 6085.
Package hyperref Info: Link coloring with OCG OFF on input line 6090.
Package hyperref Info: PDF/A mode OFF on input line 6095.

(C:/Users/campa/AppData/Local/Programs/MiKTeX/tex/latex/base/atbegshi-ltx.sty
Package: atbegshi-ltx 2021/01/10 v1.0c Emulation of the original atbegshi
package with kernel methods
)
\Hy@abspage=\count270
\c@Item=\count271
\c@Hfootnote=\count272
)
Package hyperref Info: Driver (autodetected): hluatex.
(C:/Users/campa/AppData/Local/Programs/MiKTeX/tex/latex/hyperref/hluatex.def
File: hluatex.def 2023-11-26 v7.01g Hyperref driver for luaTeX

(C:/Users/campa/AppData/Local/Programs/MiKTeX/tex/generic/stringenc/stringenc.s
ty
Package: stringenc 2019/11/29 v1.12 Convert strings between diff. encodings (HO
)
)
(C:/Users/campa/AppData/Local/Programs/MiKTeX/tex/latex/base/atveryend-ltx.sty
Package: atveryend-ltx 2020/08/19 v1.0a Emulation of the original atveryend pac
kage
with kernel methods
)
\Fld@listcount=\count273
\c@bookmark@seq@number=\count274

(C:/Users/campa/AppData/Local/Programs/MiKTeX/tex/latex/rerunfilecheck/rerunfil
echeck.sty
Package: rerunfilecheck 2025-06-21 v1.11 Rerun checks for auxiliary files (HO)

(C:/Users/campa/AppData/Local/Programs/MiKTeX/tex/generic/uniquecounter/uniquec
ounter.sty
Package: uniquecounter 2019/12/15 v1.4 Provide unlimited unique counter (HO)
)
Package uniquecounter Info: New unique counter `rerunfilecheck' on input line 2
84.
)
\Hy@SectionHShift=\skip52
)
(C:/Users/campa/AppData/Local/Programs/MiKTeX/tex/latex/xurl/xurl.sty
Package: xurl 2022/01/09 v 0.10 modify URL breaks
)
(C:/Users/campa/AppData/Local/Programs/MiKTeX/tex/latex/geometry/geometry.sty
Package: geometry 2020/01/02 v5.9 Page Geometry

(C:/Users/campa/AppData/Local/Programs/MiKTeX/tex/generic/iftex/ifvtex.sty
Package: ifvtex 2019/10/25 v1.7 ifvtex legacy package. Use iftex instead.
)
\Gm@cnth=\count275
\Gm@cntv=\count276
\c@Gm@tempcnt=\count277
\Gm@bindingoffset=\dimen160
\Gm@wd@mp=\dimen161
\Gm@odd@mp=\dimen162
\Gm@even@mp=\dimen163
\Gm@layoutwidth=\dimen164
\Gm@layoutheight=\dimen165
\Gm@layouthoffset=\dimen166
\Gm@layoutvoffset=\dimen167
\Gm@dimlist=\toks21

(C:/Users/campa/AppData/Local/Programs/MiKTeX/tex/latex/geometry/geometry.cfg)) (C:/Users/campa/AppData/Local/Programs/MiKTeX/tex/latex/amsmath/amsmath.sty
Package: amsmath 2023/05/13 v2.17o AMS math features
\@mathmargin=\skip53

For additional information on amsmath, use the `?' option.
(C:/Users/campa/AppData/Local/Programs/MiKTeX/tex/latex/amsmath/amstext.sty
Package: amstext 2021/08/26 v2.01 AMS text

(C:/Users/campa/AppData/Local/Programs/MiKTeX/tex/latex/amsmath/amsgen.sty
File: amsgen.sty 1999/11/30 v2.0 generic functions
\@emptytoks=\toks22
\ex@=\dimen168
))
(C:/Users/campa/AppData/Local/Programs/MiKTeX/tex/latex/amsmath/amsbsy.sty
Package: amsbsy 1999/11/29 v1.2d Bold Symbols
\pmbraise@=\dimen169
)
(C:/Users/campa/AppData/Local/Programs/MiKTeX/tex/latex/amsmath/amsopn.sty
Package: amsopn 2022/04/08 v2.04 operator names
)
\inf@bad=\count278
LaTeX Info: Redefining \frac on input line 236.
\uproot@=\count279
\leftroot@=\count280
LaTeX Info: Redefining \overline on input line 399.
LaTeX Info: Redefining \colon on input line 410.
\classnum@=\count281
\DOTSCASE@=\count282
LaTeX Info: Redefining \ldots on input line 496.
LaTeX Info: Redefining \dots on input line 499.
LaTeX Info: Redefining \cdots on input line 620.
\Mathstrutbox@=\box53
\strutbox@=\box54
LaTeX Info: Redefining \big on input line 722.
LaTeX Info: Redefining \Big on input line 723.
LaTeX Info: Redefining \bigg on input line 724.
LaTeX Info: Redefining \Bigg on input line 725.
\big@size=\dimen170
LaTeX Font Info:    Redeclaring font encoding OML on input line 743.
LaTeX Font Info:    Redeclaring font encoding OMS on input line 744.
\macc@depth=\count283
LaTeX Info: Redefining \bmod on input line 905.
LaTeX Info: Redefining \pmod on input line 910.
LaTeX Info: Redefining \smash on input line 940.
LaTeX Info: Redefining \relbar on input line 970.
LaTeX Info: Redefining \Relbar on input line 971.
\c@MaxMatrixCols=\count284
\dotsspace@=\muskip17
\c@parentequation=\count285
\dspbrk@lvl=\count286
\tag@help=\toks23
\row@=\count287
\column@=\count288
\maxfields@=\count289
\andhelp@=\toks24
\eqnshift@=\dimen171
\alignsep@=\dimen172
\tagshift@=\dimen173
\tagwidth@=\dimen174
\totwidth@=\dimen175
\lineht@=\dimen176
\@envbody=\toks25
\multlinegap=\skip54
\multlinetaggap=\skip55
\mathdisplay@stack=\toks26
LaTeX Info: Redefining \[ on input line 2953.
LaTeX Info: Redefining \] on input line 2954.
)
(C:/Users/campa/AppData/Local/Programs/MiKTeX/tex/latex/booktabs/booktabs.sty
Package: booktabs 2020/01/12 v1.61803398 Publication quality tables
\heavyrulewidth=\dimen177
\lightrulewidth=\dimen178
\cmidrulewidth=\dimen179
\belowrulesep=\dimen180
\belowbottomsep=\dimen181
\aboverulesep=\dimen182
\abovetopsep=\dimen183
\cmidrulesep=\dimen184
\cmidrulekern=\dimen185
\defaultaddspace=\dimen186
\@cmidla=\count290
\@cmidlb=\count291
\@aboverulesep=\dimen187
\@belowrulesep=\dimen188
\@thisruleclass=\count292
\@lastruleclass=\count293
\@thisrulewidth=\dimen189
)
(C:/Users/campa/AppData/Local/Programs/MiKTeX/tex/latex/fancyhdr/fancyhdr.sty
Package: fancyhdr 2025/02/07 v5.2 Extensive control of page headers and footers

\f@nch@headwidth=\skip56
\f@nch@offset@elh=\skip57
\f@nch@offset@erh=\skip58
\f@nch@offset@olh=\skip59
\f@nch@offset@orh=\skip60
\f@nch@offset@elf=\skip61
\f@nch@offset@erf=\skip62
\f@nch@offset@olf=\skip63
\f@nch@offset@orf=\skip64
\f@nch@height=\skip65
\f@nch@footalignment=\skip66
\f@nch@widthL=\skip67
\f@nch@widthC=\skip68
\f@nch@widthR=\skip69
\@temptokenb=\toks27
)
(C:/Users/campa/AppData/Local/Programs/MiKTeX/tex/latex/setspace/setspace.sty
Package: setspace 2022/12/04 v6.7b set line spacing
)
(C:/Users/campa/AppData/Local/Programs/MiKTeX/tex/latex/lipsum/lipsum.sty
(C:/Users/campa/AppData/Local/Programs/MiKTeX/tex/latex/l3packages/l3keys2e/l3k
eys2e.sty
(C:/Users/campa/AppData/Local/Programs/MiKTeX/tex/latex/l3kernel/expl3.sty
Package: expl3 2024-01-04 L3 programming layer (loader) 

(C:/Users/campa/AppData/Local/Programs/MiKTeX/tex/latex/l3backend/l3backend-lua
tex.def
File: l3backend-luatex.def 2024-01-04 L3 backend support: PDF output (LuaTeX)
\l__color_backend_stack_int=\count294
Inserting `l3color' in `luaotfload.parse_color'.
\l__pdf_internal_box=\box55
))
Package: l3keys2e 2023-10-10 LaTeX2e option processing using LaTeX3 keys
)
Package: lipsum 2021-09-20 v2.7 150 paragraphs of Lorem Ipsum dummy text
\g__lipsum_par_int=\count295
\l__lipsum_a_int=\count296
\l__lipsum_b_int=\count297

(C:/Users/campa/AppData/Local/Programs/MiKTeX/tex/latex/lipsum/lipsum.ltd.tex)) (C:/Users/campa/AppData/Local/Programs/MiKTeX/tex/latex/listings/listings.sty
\lst@mode=\count298
\lst@gtempboxa=\box56
\lst@token=\toks28
\lst@length=\count299
\lst@currlwidth=\dimen190
\lst@column=\count300
\lst@pos=\count301
\lst@lostspace=\dimen191
\lst@width=\dimen192
\lst@newlines=\count302
\lst@lineno=\count303
\lst@maxwidth=\dimen193

(C:/Users/campa/AppData/Local/Programs/MiKTeX/tex/latex/listings/lstmisc.sty
File: lstmisc.sty 2023/02/27 1.9 (Carsten Heinz)
\c@lstnumber=\count304
\lst@skipnumbers=\count305
\lst@framebox=\box57
)
(C:/Users/campa/AppData/Local/Programs/MiKTeX/tex/latex/listings/listings.cfg
File: listings.cfg 2023/02/27 1.9 listings configuration
))
Package: listings 2023/02/27 1.9 (Carsten Heinz)
(C:/Users/campa/AppData/Local/Programs/MiKTeX/tex/latex/xcolor/xcolor.sty
Package: xcolor 2023/11/15 v3.01 LaTeX color extensions (UK)

(C:/Users/campa/AppData/Local/Programs/MiKTeX/tex/latex/graphics-cfg/color.cfg
File: color.cfg 2016/01/02 v1.6 sample color configuration
)
Package xcolor Info: Driver file: luatex.def on input line 274.
(C:/Users/campa/AppData/Local/Programs/MiKTeX/tex/latex/graphics/mathcolor.ltx)
Package xcolor Info: Model `cmy' substituted by `cmy0' on input line 1350.
Package xcolor Info: Model `hsb' substituted by `rgb' on input line 1354.
Package xcolor Info: Model `RGB' extended on input line 1366.
Package xcolor Info: Model `HTML' substituted by `rgb' on input line 1368.
Package xcolor Info: Model `Hsb' substituted by `hsb' on input line 1369.
Package xcolor Info: Model `tHsb' substituted by `hsb' on input line 1370.
Package xcolor Info: Model `HSB' substituted by `hsb' on input line 1371.
Package xcolor Info: Model `Gray' substituted by `gray' on input line 1372.
Package xcolor Info: Model `wave' substituted by `hsb' on input line 1373.
) (C:/Users/campa/AppData/Local/Programs/MiKTeX/tex/latex/float/float.sty
Package: float 2001/11/08 v1.3d Float enhancements (AL)
\c@float@type=\count306
\float@exts=\toks29
\float@box=\box58
\@float@everytoks=\toks30
\@floatcapt=\box59
)
(./tex_control_LT.aux

LaTeX Warning: Label `fig:validation_filtered' multiply defined.


LaTeX Warning: Label `fig:step_filtered' multiply defined.

)
\openout1 = tex_control_LT.aux

LaTeX Font Info:    Checking defaults for OML/cmm/m/it on input line 41.
LaTeX Font Info:    ... okay on input line 41.
LaTeX Font Info:    Checking defaults for OMS/cmsy/m/n on input line 41.
LaTeX Font Info:    ... okay on input line 41.
LaTeX Font Info:    Checking defaults for OT1/cmr/m/n on input line 41.
LaTeX Font Info:    ... okay on input line 41.
LaTeX Font Info:    Checking defaults for T1/cmr/m/n on input line 41.
LaTeX Font Info:    ... okay on input line 41.
LaTeX Font Info:    Checking defaults for TS1/cmr/m/n on input line 41.
LaTeX Font Info:    Trying to load font information for TS1+cmr on input line 4
1.
 (C:/Users/campa/AppData/Local/Programs/MiKTeX/tex/latex/base/ts1cmr.fd
File: ts1cmr.fd 2023/04/13 v2.5m Standard LaTeX font definitions
)
LaTeX Font Info:    ... okay on input line 41.
LaTeX Font Info:    Checking defaults for TU/lmr/m/n on input line 41.
LaTeX Font Info:    ... okay on input line 41.
LaTeX Font Info:    Checking defaults for OMX/cmex/m/n on input line 41.
LaTeX Font Info:    ... okay on input line 41.
LaTeX Font Info:    Checking defaults for U/cmr/m/n on input line 41.
LaTeX Font Info:    ... okay on input line 41.
LaTeX Font Info:    Checking defaults for PD1/pdf/m/n on input line 41.
LaTeX Font Info:    ... okay on input line 41.
LaTeX Font Info:    Checking defaults for PU/pdf/m/n on input line 41.
LaTeX Font Info:    ... okay on input line 41.

(C:/Users/campa/AppData/Local/Programs/MiKTeX/tex/context/base/mkii/supp-pdf.mk
ii
[Loading MPS to PDF converter (version 2006.09.02).]
\scratchcounter=\count307
\scratchdimen=\dimen194
\scratchbox=\box60
\nofMPsegments=\count308
\nofMParguments=\count309
\everyMPshowfont=\toks31
\MPscratchCnt=\count310
\MPscratchDim=\dimen195
\MPnumerator=\count311
\makeMPintoPDFobject=\count312
\everyMPtoPDFconversion=\toks32
)
(C:/Users/campa/AppData/Local/Programs/MiKTeX/tex/latex/epstopdf-pkg/epstopdf-b
ase.sty
Package: epstopdf-base 2020-01-24 v2.11 Base part for package epstopdf
Package epstopdf-base Info: Redefining graphics rule for `.eps' on input line 4
85.

(C:/Users/campa/AppData/Local/Programs/MiKTeX/tex/latex/00miktex/epstopdf-sys.c
fg
File: epstopdf-sys.cfg 2021/03/18 v2.0 Configuration of epstopdf for MiKTeX
))
Package hyperref Info: Link coloring OFF on input line 41.
 (./tex_control_LT.out) (./tex_control_LT.out)
\@outlinefile=\write3

\openout3 = tex_control_LT.out

*geometry* driver: auto-detecting
*geometry* detected driver: luatex
*geometry* verbose mode - [ preamble ] result:
* driver: luatex
* paper: <default>
* layout: <same size as paper>
* layoutoffset:(h,v)=(0.0pt,0.0pt)
* modes: 
* h-part:(L,W,R)=(72.26999pt, 469.75502pt, 72.26999pt)
* v-part:(T,H,B)=(72.26999pt, 650.43001pt, 72.26999pt)
* \paperwidth=614.295pt
* \paperheight=794.96999pt
* \textwidth=469.75502pt
* \textheight=650.43001pt
* \oddsidemargin=0.0pt
* \evensidemargin=0.0pt
* \topmargin=-37.0pt
* \headheight=12.0pt
* \headsep=25.0pt
* \topskip=10.0pt
* \footskip=30.0pt
* \marginparwidth=65.0pt
* \marginparsep=11.0pt
* \columnsep=10.0pt
* \skip\footins=9.0pt plus 4.0pt minus 2.0pt
* \hoffset=0.0pt
* \voffset=0.0pt
* \mag=1000
* \@twocolumnfalse
* \@twosidefalse
* \@mparswitchfalse
* \@reversemarginfalse
* (1in=72.27pt=25.4mm, 1cm=28.453pt)

\c@lstlisting=\count313
<sedes.pdf, id=95, 310.15875pt x 521.95pt>
File: sedes.pdf Graphic file (type pdf)
<use sedes.pdf>
Package luatex.def Info: sedes.pdf  used on input line 52.
(luatex.def)             Requested size: 33.81467pt x 56.9055pt.
<logoFirW.jpg, id=97, 341.3553pt x 132.0132pt>
File: logoFirW.jpg Graphic file (type jpg)
<use logoFirW.jpg>
Package luatex.def Info: logoFirW.jpg  used on input line 60.
(luatex.def)             Requested size: 147.14452pt x 56.9055pt.
[1

{C:/Users/campa/AppData/Local/MiKTeX/fonts/map/pdftex/pdftex.map}<./sedes.pdf><.
/logoFirW.jpg>]
warning  (pdf backend): ignoring duplicate destination with the name 'page.I'
[1]
Underfull \hbox (badness 10000) in paragraph at lines 114--115

 []

[2] [3]
<images/excitation_ass1.png, id=162, 357.4956pt x 295.8252pt>
File: images/excitation_ass1.png Graphic file (type png)
<use images/excitation_ass1.png>
Package luatex.def Info: images/excitation_ass1.png  used on input line 245.
(luatex.def)             Requested size: 234.8775pt x 194.365pt.
<images/measured_vs_modeled_nofilter.png, id=165, 379.6584pt x 225.9642pt>
File: images/measured_vs_modeled_nofilter.png Graphic file (type png)
<use images/measured_vs_modeled_nofilter.png>
Package luatex.def Info: images/measured_vs_modeled_nofilter.png  used on input
 line 262.
(luatex.def)             Requested size: 225.4804pt x 134.20038pt.
<images/measured_vs_modeled_nofilter_simplified.png, id=166, 380.1402pt x 225.9
642pt>
File: images/measured_vs_modeled_nofilter_simplified.png Graphic file (type png
)
<use images/measured_vs_modeled_nofilter_simplified.png>
Package luatex.def Info: images/measured_vs_modeled_nofilter_simplified.png  us
ed on input line 266.
(luatex.def)             Requested size: 225.4804pt x 134.03488pt.
 [4
warning  (pdf backend): ignoring duplicate destination with the name 'figure.1'
<./images/excitation_ass1.png>]
<images/model_vs_meas_error_nofilter.png, id=175, 377.7312pt x 225.9642pt>
File: images/model_vs_meas_error_nofilter.png Graphic file (type png)
<use images/model_vs_meas_error_nofilter.png>
Package luatex.def Info: images/model_vs_meas_error_nofilter.png  used on input
 line 276.
(luatex.def)             Requested size: 225.4804pt x 134.88652pt.
<images/model_vs_meas_error_nofilter_simplified.png, id=176, 377.7312pt x 225.4
824pt>
File: images/model_vs_meas_error_nofilter_simplified.png Graphic file (type png
)
<use images/model_vs_meas_error_nofilter_simplified.png>
Package luatex.def Info: images/model_vs_meas_error_nofilter_simplified.png  us
ed on input line 280.
(luatex.def)             Requested size: 225.4804pt x 134.59892pt.
 [5
warning  (pdf backend): ignoring duplicate destination with the name 'figure.2'

warning  (pdf backend): ignoring duplicate destination with the name 'figure.3'
<./images/measured_vs_modeled_nofilter.png><./images/measured_vs_modeled_nofilte
r_simplified.png><./images/model_vs_meas_error_nofilter.png><./images/model_vs_m
eas_error_nofilter_simplified.png>]

LaTeX Warning: `h' float specifier changed to `ht'.

[6] (./tex_control_LT.bbl) [7
warning  (pdf backend): ignoring duplicate destination with the name 'figure.4'

warning  (pdf backend): ignoring duplicate destination with the name 'figure.5'
]
<images/linear_circuit_DC.png, id=212, 464.937pt x 203.5605pt>
File: images/linear_circuit_DC.png Graphic file (type png)
<use images/linear_circuit_DC.png>
Package luatex.def Info: images/linear_circuit_DC.png  used on input line 449.
(luatex.def)             Requested size: 328.82707pt x 143.97607pt.


LaTeX Warning: `h' float specifier changed to `ht'.


LaTeX Warning: `h' float specifier changed to `ht'.


LaTeX Warning: `h' float specifier changed to `ht'.


LaTeX Warning: `h' float specifier changed to `ht'.

[8] [9
warning  (pdf backend): ignoring duplicate destination with the name 'figure.6'

warning  (pdf backend): ignoring duplicate destination with the name 'figure.7'

warning  (pdf backend): ignoring duplicate destination with the name 'figure.8'

warning  (pdf backend): ignoring duplicate destination with the name 'figure.9'

warning  (pdf backend): ignoring duplicate destination with the name 'figure.10'


warning  (pdf backend): ignoring duplicate destination with the name 'figure.11'


warning  (pdf backend): ignoring duplicate destination with the name 'figure.12'


warning  (pdf backend): ignoring duplicate destination with the name 'figure.13'


warning  (pdf backend): ignoring duplicate destination with the name 'figure.14'

<./images/linear_circuit_DC.png>] (./tex_control_LT.aux)
 ***********
LaTeX2e <2023-11-01> patch level 1
L3 programming layer <2024-01-04>
 ***********


LaTeX Warning: There were multiply-defined labels.

Package rerunfilecheck Info: File `tex_control_LT.out' has not changed.
(rerunfilecheck)             Checksum: 263AE50948D3BA9108618B73BFA7B574;5709.
)

Here is how much of LuaTeX's memory you used:
 14423 strings out of 476497
 125027,1977958 words of node,token memory allocated
 702 words of node memory still in use:
   6 hlist, 2 vlist, 2 rule, 2 glue, 4 kern, 1 glyph, 50 attribute, 58 glue_spec
, 50 attribute_list, 1 write, 2 pdf_action nodes
   avail lists: 2:816,3:280,4:81,5:455,6:49,7:6920,8:109,9:861,10:8,11:531
 36076 multiletter control sequences out of 65536+600000
 49 fonts using 3729047 bytes
 79i,12n,89p,855b,410s stack positions out of 10000i,1000n,20000p,200000b,200000s
<C:/Users/campa/AppData/Local/Programs/MiKTeX/fonts/opentype/public/lm/lmmono10-
regular.otf><//?/c:/users/campa/appdata/local/programs/miktex/fonts/opentype/pub
lic/lm/lmroman7-regular.otf><C:/Users/campa/AppData/Local/Programs/MiKTeX/fonts/
opentype/public/lm/lmmono10-italic.otf><C:/Users/campa/AppData/Local/Programs/Mi
KTeX/fonts/opentype/public/lm/lmroman10-italic.otf><C:/Users/campa/AppData/Local
/Programs/MiKTeX/fonts/opentype/public/lm/lmroman10-bolditalic.otf><//?/c:/users
/campa/appdata/local/programs/miktex/fonts/opentype/public/lm/lmroman10-regular.
otf><//?/c:/users/campa/appdata/local/programs/miktex/fonts/opentype/public/lm/l
mroman10-bold.otf><C:/Users/campa/AppData/Local/Programs/MiKTeX/fonts/opentype/p
ublic/lm/lmroman12-bold.otf><C:/Users/campa/AppData/Local/Programs/MiKTeX/fonts/
type1/public/amsfonts/cm/cmbx10.pfb><C:/Users/campa/AppData/Local/Programs/MiKTe
X/fonts/type1/public/amsfonts/cm/cmex10.pfb><C:/Users/campa/AppData/Local/Progra
ms/MiKTeX/fonts/type1/public/amsfonts/cm/cmmi10.pfb><C:/Users/campa/AppData/Loca
l/Programs/MiKTeX/fonts/type1/public/amsfonts/cm/cmmi5.pfb><C:/Users/campa/AppDa
ta/Local/Programs/MiKTeX/fonts/type1/public/amsfonts/cm/cmmi7.pfb><C:/Users/camp
a/AppData/Local/Programs/MiKTeX/fonts/type1/public/amsfonts/cm/cmmib10.pfb><C:/U
sers/campa/AppData/Local/Programs/MiKTeX/fonts/type1/public/amsfonts/cm/cmr10.pf
b><C:/Users/campa/AppData/Local/Programs/MiKTeX/fonts/type1/public/amsfonts/cm/c
mr5.pfb><C:/Users/campa/AppData/Local/Programs/MiKTeX/fonts/type1/public/amsfont
s/cm/cmr7.pfb><C:/Users/campa/AppData/Local/Programs/MiKTeX/fonts/type1/public/a
msfonts/cm/cmsy10.pfb><C:/Users/campa/AppData/Local/Programs/MiKTeX/fonts/type1/
public/amsfonts/cm/cmsy7.pfb>
Output written on tex_control_LT.pdf (10 pages, 1148669 bytes).

PDF statistics: 325 PDF objects out of 1000 (max. 8388607)
 77 named destinations out of 1000 (max. 131072)
 205 words of extra memory for PDF output out of 10000 (max. 100000000)

