\BOOKMARK [1][-]{section.1}{\376\377\000M\000o\000d\000e\000l\000i\000n\000g\000\040\000t\000h\000e\000\040\000s\000y\000s\000t\000e\000m}{}% 1
\BOOKMARK [2][-]{subsection.1.1}{\376\377\000S\000t\000a\000t\000e\000\040\000e\000q\000u\000a\000t\000i\000o\000n\000\040\000\050\0001\000a\000\051}{section.1}% 2
\BOOKMARK [2][-]{subsection.1.2}{\376\377\000M\000e\000a\000s\000u\000r\000e\000m\000e\000n\000t\000\040\000e\000q\000u\000a\000t\000i\000o\000n\000\040\000f\000o\000r\000\040\000b\000o\000t\000h\000\040\000I\000R\000\040\000s\000e\000n\000s\000o\000r\000s\000\040\000\050\0001\000b\000\051}{section.1}% 3
\BOOKMARK [3][-]{subsubsection.1.2.1}{\376\377\000S\000p\000e\000c\000i\000f\000i\000c\000\040\000m\000e\000a\000s\000u\000r\000e\000m\000e\000n\000t\000\040\000e\000q\000u\000a\000t\000i\000o\000n\000s\000\040\000f\000o\000r\000\040\000F\000i\000g\000u\000r\000e\000\040\0004}{subsection.1.2}% 4
\BOOKMARK [1][-]{section.2}{\376\377\000E\000x\000t\000e\000n\000d\000e\000d\000\040\000K\000a\000l\000m\000a\000n\000\040\000f\000i\000l\000t\000e\000r\000\040\000\050\000E\000K\000F\000\051\000\040\000d\000e\000r\000i\000v\000a\000t\000i\000o\000n\000\040\000a\000n\000d\000\040\000d\000i\000s\000c\000u\000s\000s\000i\000o\000n}{}% 5
\BOOKMARK [2][-]{subsection.2.1}{\376\377\000D\000i\000s\000c\000r\000e\000t\000i\000z\000a\000t\000i\000o\000n\000\040\000o\000f\000\040\000c\000o\000n\000t\000i\000n\000u\000o\000u\000s\000-\000t\000i\000m\000e\000\040\000n\000o\000n\000l\000i\000n\000e\000a\000r\000\040\000m\000o\000d\000e\000l\000\040\000u\000s\000i\000n\000g\000\040\000f\000o\000r\000w\000a\000r\000d\000\040\000E\000u\000l\000e\000r\000\040\000\050\0002\000a\000\051}{section.2}% 6
\BOOKMARK [2][-]{subsection.2.2}{\376\377\000L\000i\000n\000e\000a\000r\000i\000z\000a\000t\000i\000o\000n\000\040\000o\000f\000\040\000d\000i\000s\000c\000r\000e\000t\000e\000-\000t\000i\000m\000e\000\040\000m\000o\000d\000e\000l\000\040\000a\000r\000o\000u\000n\000d\000\040\000s\000t\000a\000t\000e\000\040\000b\000o\000l\000d\0000\000m\000u\000\040\000m\000u\000m\000u\000\040\0002\0000\0000\0005\000/\0000\0006\000/\0002\0008\000\040\000v\000e\000r\000:\000\040\0001\000.\0003\000\040\000s\000u\000b\000f\000i\000g\000\040\000p\000a\000c\000k\000a\000g\000e\000*\000\040\000\050\0002\000b\000\051}{section.2}% 7
\BOOKMARK [3][-]{subsubsection.2.2.1}{\376\377\000C\000h\000o\000i\000c\000e\000\040\000o\000f\000\040\000l\000i\000n\000e\000a\000r\000i\000z\000a\000t\000i\000o\000n\000\040\000p\000o\000i\000n\000t\000\040\000b\000o\000l\000d\0000\000m\000u\000\040\000m\000u\000m\000u\000\040\0002\0000\0000\0005\000/\0000\0006\000/\0002\0008\000\040\000v\000e\000r\000:\000\040\0001\000.\0003\000\040\000s\000u\000b\000f\000i\000g\000\040\000p\000a\000c\000k\000a\000g\000e\000*}{subsection.2.2}% 8
\BOOKMARK [3][-]{subsubsection.2.2.2}{\376\377\000S\000t\000a\000t\000e\000\040\000J\000a\000c\000o\000b\000i\000a\000n}{subsection.2.2}% 9
\BOOKMARK [3][-]{subsubsection.2.2.3}{\376\377\000M\000e\000a\000s\000u\000r\000e\000m\000e\000n\000t\000\040\000J\000a\000c\000o\000b\000i\000a\000n\000\040\000\050\000g\000e\000n\000e\000r\000a\000l\000\051}{subsection.2.2}% 10
\BOOKMARK [3][-]{subsubsection.2.2.4}{\376\377\000M\000e\000a\000s\000u\000r\000e\000m\000e\000n\000t\000\040\000J\000a\000c\000o\000b\000i\000a\000n\000\040\000f\000o\000r\000\040\000F\000i\000g\000u\000r\000e\000\040\0004}{subsection.2.2}% 11
\BOOKMARK [2][-]{subsection.2.3}{\376\377\000L\000i\000n\000e\000a\000r\000\040\000v\000s\000.\000\040\000e\000x\000t\000e\000n\000d\000e\000d\000\040\000K\000a\000l\000m\000a\000n\000\040\000f\000i\000l\000t\000e\000r\000\040\000\050\0002\000c\000\051}{section.2}% 12
\BOOKMARK [3][-]{subsubsection.2.3.1}{\376\377\000F\000u\000n\000d\000a\000m\000e\000n\000t\000a\000l\000\040\000d\000i\000f\000f\000e\000r\000e\000n\000c\000e\000s}{subsection.2.3}% 13
\BOOKMARK [3][-]{subsubsection.2.3.2}{\376\377\000N\000o\000i\000s\000e\000\040\000c\000o\000n\000s\000i\000d\000e\000r\000a\000t\000i\000o\000n\000s}{subsection.2.3}% 14
\BOOKMARK [3][-]{subsubsection.2.3.3}{\376\377\000A\000p\000p\000l\000i\000c\000a\000b\000i\000l\000i\000t\000y}{subsection.2.3}% 15
\BOOKMARK [1][-]{section.3}{\376\377\000E\000x\000t\000e\000n\000d\000e\000d\000\040\000K\000a\000l\000m\000a\000n\000\040\000f\000i\000l\000t\000e\000r\000\040\000d\000e\000s\000i\000g\000n\000\040\000a\000n\000d\000\040\000i\000m\000p\000l\000e\000m\000e\000n\000t\000a\000t\000i\000o\000n}{}% 16
\BOOKMARK [2][-]{subsection.3.1}{\376\377\000N\000o\000i\000s\000e\000\040\000s\000o\000u\000r\000c\000e\000s\000:\000\040\000m\000e\000a\000s\000u\000r\000e\000m\000e\000n\000t\000\040\000n\000o\000i\000s\000e\000\040\000a\000n\000d\000\040\000p\000r\000o\000c\000e\000s\000s\000\040\000n\000o\000i\000s\000e\000\040\000\050\0003\000a\000\051}{section.3}% 17
\BOOKMARK [2][-]{subsection.3.2}{\376\377\000E\000x\000t\000e\000n\000d\000e\000d\000\040\000K\000a\000l\000m\000a\000n\000\040\000f\000i\000l\000t\000e\000r\000\040\000d\000e\000s\000i\000g\000n\000\040\000a\000n\000d\000\040\000t\000u\000n\000i\000n\000g\000\040\000\050\0003\000b\000\051}{section.3}% 18
\BOOKMARK [3][-]{subsubsection.3.2.1}{\376\377\000I\000n\000t\000e\000r\000p\000r\000e\000t\000a\000t\000i\000o\000n\000\040\000o\000f\000\040\000Q\000\040\000a\000n\000d\000\040\000R}{subsection.3.2}% 19
\BOOKMARK [3][-]{subsubsection.3.2.2}{\376\377\000I\000n\000i\000t\000i\000a\000l\000\040\000s\000t\000a\000t\000e\000\040\000e\000s\000t\000i\000m\000a\000t\000e\000\040\000c\000o\000v\000a\000r\000i\000a\000n\000c\000e\000\040\0000\000|\0000\000\040}{subsection.3.2}% 20
\BOOKMARK [3][-]{subsubsection.3.2.3}{\376\377\000T\000u\000n\000e\000d\000\040\000c\000o\000v\000a\000r\000i\000a\000n\000c\000e\000\040\000v\000a\000l\000u\000e\000s}{subsection.3.2}% 21
\BOOKMARK [3][-]{subsubsection.3.2.4}{\376\377\000Q\000/\000R\000\040\000s\000w\000e\000e\000p\000\040\000r\000e\000s\000u\000l\000t\000s}{subsection.3.2}% 22
\BOOKMARK [3][-]{subsubsection.3.2.5}{\376\377\000I\000n\000f\000l\000u\000e\000n\000c\000e\000\040\000o\000f\000\040\000Q\000\040\000a\000n\000d\000\040\000R\000\040\000o\000n\000\040\000E\000K\000F\000\040\000b\000e\000h\000a\000v\000i\000o\000u\000r}{subsection.3.2}% 23
\BOOKMARK [2][-]{subsection.3.3}{\376\377\000U\000n\000c\000e\000r\000t\000a\000i\000n\000t\000y\000\040\000o\000n\000\040\000t\000h\000e\000\040\000e\000s\000t\000i\000m\000a\000t\000e\000d\000\040\000s\000t\000a\000t\000e\000s\000\040\000\050\0003\000c\000\051}{section.3}% 24
\BOOKMARK [3][-]{subsubsection.3.3.1}{\376\377\000U\000n\000c\000e\000r\000t\000a\000i\000n\000t\000y\000\040\000e\000v\000o\000l\000u\000t\000i\000o\000n\000\040\000b\000y\000\040\000t\000r\000a\000j\000e\000c\000t\000o\000r\000y\000\040\000p\000h\000a\000s\000e}{subsection.3.3}% 25
\BOOKMARK [3][-]{subsubsection.3.3.2}{\376\377\000E\000f\000f\000e\000c\000t\000\040\000o\000f\000\040\000s\000e\000n\000s\000o\000r\000\040\000d\000e\000a\000c\000t\000i\000v\000a\000t\000i\000o\000n\000\040\000o\000n\000\040\000m\000e\000a\000s\000u\000r\000e\000m\000e\000n\000t\000\040\000e\000q\000u\000a\000t\000i\000o\000n\000s}{subsection.3.3}% 26
\BOOKMARK [3][-]{subsubsection.3.3.3}{\376\377\000H\000y\000p\000o\000t\000h\000e\000t\000i\000c\000a\000l\000:\000\040\000s\000e\000n\000s\000o\000r\000s\000\040\000r\000e\000m\000a\000i\000n\000\040\000a\000c\000t\000i\000v\000e\000\040\000d\000u\000r\000i\000n\000g\000\040\000t\000u\000r\000n}{subsection.3.3}% 27
\BOOKMARK [3][-]{subsubsection.3.3.4}{\376\377\000M\000e\000a\000s\000u\000r\000e\000m\000e\000n\000t\000\040\000P\000r\000e\000d\000i\000c\000t\000i\000o\000n\000s\000\040\000a\000n\000d\000\040\000C\000o\000n\000f\000i\000d\000e\000n\000c\000e\000\040\000I\000n\000t\000e\000r\000v\000a\000l\000s}{subsection.3.3}% 28
\BOOKMARK [1][-]{section.4}{\376\377\000S\000t\000a\000t\000e\000\040\000f\000e\000e\000d\000b\000a\000c\000k\000\040\000c\000o\000n\000t\000r\000o\000l\000l\000e\000r\000\040\000d\000e\000s\000i\000g\000n\000\040\000a\000n\000d\000\040\000i\000m\000p\000l\000e\000m\000e\000n\000t\000a\000t\000i\000o\000n}{}% 29
\BOOKMARK [2][-]{subsection.4.1}{\376\377\000R\000o\000t\000a\000t\000i\000o\000n\000\040\000m\000a\000t\000r\000i\000x\000\040\000f\000o\000r\000\040\000e\000r\000r\000o\000r\000\040\000t\000r\000a\000n\000s\000f\000o\000r\000m\000a\000t\000i\000o\000n\000\040\000\050\0004\000a\000\051}{section.4}% 30
\BOOKMARK [2][-]{subsection.4.2}{\376\377\000L\000Q\000R\000\040\000f\000e\000e\000d\000b\000a\000c\000k\000\040\000m\000a\000t\000r\000i\000x\000\040\000s\000t\000r\000u\000c\000t\000u\000r\000e\000\040\000\050\0004\000b\000\051}{section.4}% 31
\BOOKMARK [2][-]{subsection.4.3}{\376\377\000S\000y\000s\000t\000e\000m\000a\000t\000i\000c\000\040\000a\000p\000p\000r\000o\000a\000c\000h\000\040\000f\000o\000r\000\040\000L\000Q\000R\000\040\000t\000u\000n\000i\000n\000g\000\040\000\050\0004\000c\000\051}{section.4}% 32
\BOOKMARK [3][-]{subsubsection.4.3.1}{\376\377\000M\000e\000a\000n\000i\000n\000g\000\040\000o\000f\000\040\000Q\000l\000q\000r\000\040\000a\000n\000d\000\040\000R\000l\000q\000r}{subsection.4.3}% 33
\BOOKMARK [3][-]{subsubsection.4.3.2}{\376\377\000E\000x\000p\000e\000r\000i\000m\000e\000n\000t\000a\000l\000\040\000R\000e\000s\000u\000l\000t\000s}{subsection.4.3}% 34
\BOOKMARK [3][-]{subsubsection.4.3.3}{\376\377\000E\000f\000f\000e\000c\000t\000\040\000o\000f\000\040\000d\000i\000f\000f\000e\000r\000e\000n\000t\000\040\000c\000h\000o\000i\000c\000e\000s\000\040\000o\000f\000\040\000Q\000l\000q\000r\000\040\000a\000n\000d\000\040\000R\000l\000q\000r}{subsection.4.3}% 35
\BOOKMARK [3][-]{subsubsection.4.3.4}{\376\377\000C\000h\000o\000s\000e\000n\000\040\000v\000a\000l\000u\000e\000s\000\040\000f\000o\000r\000\040\000Q\000l\000q\000r\000\040\000a\000n\000d\000\040\000R\000l\000q\000r}{subsection.4.3}% 36
