This is LuaHBTeX, Version 1.17.1 (MiKTeX 24.1) (format=lualatex 2025.7.4)  18 DEC 2025 17:28
 restricted system commands enabled.
**assignment2.tex
(./assignment2.tex
LaTeX2e <2023-11-01> patch level 1
L3 programming layer <2024-01-04>
Lua module: luaotfload 2023-08-31 3.26 Lua based OpenType font support
Lua module: lualibs 2023-07-13 2.76 ConTeXt Lua standard libraries.
Lua module: lualibs-extended 2023-07-13 2.76 ConTeXt Lua libraries -- extended c
ollection.
luaotfload | conf : Root cache directory is "C:/Users/campa/AppData/Local/MiKTeX
/luatex-cache/generic/names".
luaotfload | init : Loading fontloader "fontloader-2023-08-19.lua" from kpse-res
olved path "C:/Users/campa/AppData/Local/Programs/MiKTeX/tex/luatex/luaotfload/f
ontloader-2023-08-19.lua".
Lua-only attribute luaotfload@noligature = 1
luaotfload | init : Context OpenType loader version 3.133
Inserting `luaotfload.node_processor' in `pre_linebreak_filter'.
Inserting `luaotfload.node_processor' in `hpack_filter'.
Inserting `luaotfload.glyph_stream' in `glyph_stream_provider'.
Inserting `luaotfload.define_font' in `define_font'.
Lua-only attribute luaotfload_color_attribute = 2
luaotfload | conf : Root cache directory is "C:/Users/campa/AppData/Local/MiKTeX
/luatex-cache/generic/names".
Inserting `luaotfload.harf.strip_prefix' in `find_opentype_file'.
Inserting `luaotfload.harf.strip_prefix' in `find_truetype_file'.
Removing  `luaotfload.glyph_stream' from `glyph_stream_provider'.
Inserting `luaotfload.harf.glyphstream' in `glyph_stream_provider'.
Inserting `luaotfload.harf.finalize_vlist' in `post_linebreak_filter'.
Inserting `luaotfload.harf.finalize_hlist' in `hpack_filter'.
Inserting `luaotfload.cleanup_files' in `wrapup_run'.
Inserting `luaotfload.harf.finalize_unicode' in `finish_pdffile'.
Inserting `luaotfload.glyphinfo' in `glyph_info'.
Lua-only attribute luaotfload.letterspace_done = 3
Inserting `luaotfload.aux.set_sscale_dimens' in `luaotfload.patch_font'.
Inserting `luaotfload.aux.set_font_index' in `luaotfload.patch_font'.
Inserting `luaotfload.aux.patch_cambria_domh' in `luaotfload.patch_font'.
Inserting `luaotfload.aux.fixup_fontdata' in `luaotfload.patch_font_unsafe'.
Inserting `luaotfload.aux.set_capheight' in `luaotfload.patch_font'.
Inserting `luaotfload.aux.set_xheight' in `luaotfload.patch_font'.
Inserting `luaotfload.rewrite_fontname' in `luaotfload.patch_font'.
Inserting `tracingstacklevels' in `input_level_string'. (C:/Users/campa/AppData
/Local/Programs/MiKTeX/tex/latex/base/article.cls
Document Class: article 2023/05/17 v1.4n Standard LaTeX document class
(C:/Users/campa/AppData/Local/Programs/MiKTeX/tex/latex/base/size10.clo
File: size10.clo 2023/05/17 v1.4n Standard LaTeX file (size option)
luaotfload | db : Font names database loaded from C:/Users/campa/AppData/Local/M
iKTeX/luatex-cache/generic/names/luaotfload-names.luc.gz)
\c@part=\count185
\c@section=\count186
\c@subsection=\count187
\c@subsubsection=\count188
\c@paragraph=\count189
\c@subparagraph=\count190
\c@figure=\count191
\c@table=\count192
\abovecaptionskip=\skip48
\belowcaptionskip=\skip49
\bibindent=\dimen139
)
(C:/Users/campa/AppData/Local/Programs/MiKTeX/tex/latex/graphics/graphicx.sty
Package: graphicx 2021/09/16 v1.2d Enhanced LaTeX Graphics (DPC,SPQR)

(C:/Users/campa/AppData/Local/Programs/MiKTeX/tex/latex/graphics/keyval.sty
Package: keyval 2022/05/29 v1.15 key=value parser (DPC)
\KV@toks@=\toks17
)
(C:/Users/campa/AppData/Local/Programs/MiKTeX/tex/latex/graphics/graphics.sty
Package: graphics 2022/03/10 v1.4e Standard LaTeX Graphics (DPC,SPQR)

(C:/Users/campa/AppData/Local/Programs/MiKTeX/tex/latex/graphics/trig.sty
Package: trig 2021/08/11 v1.11 sin cos tan (DPC)
)
(C:/Users/campa/AppData/Local/Programs/MiKTeX/tex/latex/graphics-cfg/graphics.c
fg
File: graphics.cfg 2016/06/04 v1.11 sample graphics configuration
)
Package graphics Info: Driver file: luatex.def on input line 107.

(C:/Users/campa/AppData/Local/Programs/MiKTeX/tex/latex/graphics-def/luatex.def
File: luatex.def 2022/09/22 v1.2d Graphics/color driver for luatex
))
\Gin@req@height=\dimen140
\Gin@req@width=\dimen141
)
(C:/Users/campa/AppData/Local/Programs/MiKTeX/tex/latex/caption/subcaption.sty
Package: subcaption 2023/07/28 v1.6b Sub-captions (AR)

(C:/Users/campa/AppData/Local/Programs/MiKTeX/tex/latex/caption/caption.sty
Package: caption 2023/08/05 v3.6o Customizing captions (AR)

(C:/Users/campa/AppData/Local/Programs/MiKTeX/tex/latex/caption/caption3.sty
Package: caption3 2023/07/31 v2.4d caption3 kernel (AR)
\caption@tempdima=\dimen142
\captionmargin=\dimen143
\caption@leftmargin=\dimen144
\caption@rightmargin=\dimen145
\caption@width=\dimen146
\caption@indent=\dimen147
\caption@parindent=\dimen148
\caption@hangindent=\dimen149
Package caption Info: Standard document class detected.
)
\c@caption@flags=\count193
\c@continuedfloat=\count194
)
Package caption Info: New subtype `subfigure' on input line 238.
\c@subfigure=\count195
Package caption Info: New subtype `subtable' on input line 238.
\c@subtable=\count196
)
(C:/Users/campa/AppData/Local/Programs/MiKTeX/tex/latex/adjustbox/adjustbox.sty
Package: adjustbox 2025/02/26 v1.3c Adjusting TeX boxes (trim, clip, ...)
(C:/Users/campa/AppData/Local/Programs/MiKTeX/tex/latex/xkeyval/xkeyval.sty
Package: xkeyval 2022/06/16 v2.9 package option processing (HA)

(C:/Users/campa/AppData/Local/Programs/MiKTeX/tex/generic/xkeyval/xkeyval.tex
(C:/Users/campa/AppData/Local/Programs/MiKTeX/tex/generic/xkeyval/xkvutils.tex
\XKV@toks=\toks18
\XKV@tempa@toks=\toks19
)
\XKV@depth=\count197
File: xkeyval.tex 2014/12/03 v2.7a key=value parser (HA)
))
(C:/Users/campa/AppData/Local/Programs/MiKTeX/tex/latex/adjustbox/adjcalc.sty
Package: adjcalc 2012/05/16 v1.1 Provides advanced setlength with multiple back
-ends (calc, etex, pgfmath)
)
(C:/Users/campa/AppData/Local/Programs/MiKTeX/tex/latex/adjustbox/trimclip.sty
Package: trimclip 2025/02/21 v1.2a Trim and clip general TeX material

(C:/Users/campa/AppData/Local/Programs/MiKTeX/tex/latex/collectbox/collectbox.s
ty
Package: collectbox 2022/10/17 v0.4c Collect macro arguments as boxes
\collectedbox=\box51
)
\tc@llx=\dimen150
\tc@lly=\dimen151
\tc@urx=\dimen152
\tc@ury=\dimen153
Package trimclip Info: Using driver 'tc-luatex.def'.

(C:/Users/campa/AppData/Local/Programs/MiKTeX/tex/latex/adjustbox/tc-luatex.def
File: tc-luatex.def 2025/02/26 v1.1 Clipping driver for luatex

(C:/Users/campa/AppData/Local/Programs/MiKTeX/tex/latex/adjustbox/tc-pdftex.def
File: tc-pdftex.def 2025/02/26 v2.3 Clipping driver for pdftex
)))
\adjbox@Width=\dimen154
\adjbox@Height=\dimen155
\adjbox@Depth=\dimen156
\adjbox@Totalheight=\dimen157
\adjbox@pwidth=\dimen158
\adjbox@pheight=\dimen159
\adjbox@pdepth=\dimen160
\adjbox@ptotalheight=\dimen161

(C:/Users/campa/AppData/Local/Programs/MiKTeX/tex/latex/ifoddpage/ifoddpage.sty
Package: ifoddpage 2022/10/18 v1.2 Conditionals for odd/even page detection
\c@checkoddpage=\count198
) (C:/Users/campa/AppData/Local/Programs/MiKTeX/tex/latex/varwidth/varwidth.sty
Package: varwidth 2009/03/30 ver 0.92;  Variable-width minipages
\@vwid@box=\box52
\sift@deathcycles=\count199
\@vwid@loff=\dimen162
\@vwid@roff=\dimen163
)) (C:/Users/campa/AppData/Local/Programs/MiKTeX/tex/latex/natbib/natbib.sty
Package: natbib 2010/09/13 8.31b (PWD, AO)
\bibhang=\skip50
\bibsep=\skip51
LaTeX Info: Redefining \cite on input line 694.
\c@NAT@ctr=\count266
)
(C:/Users/campa/AppData/Local/Programs/MiKTeX/tex/latex/hyperref/hyperref.sty
Package: hyperref 2023-11-26 v7.01g Hypertext links for LaTeX

(C:/Users/campa/AppData/Local/Programs/MiKTeX/tex/generic/iftex/iftex.sty
Package: iftex 2022/02/03 v1.0f TeX engine tests
)
(C:/Users/campa/AppData/Local/Programs/MiKTeX/tex/generic/infwarerr/infwarerr.s
ty
Package: infwarerr 2019/12/03 v1.5 Providing info/warning/error messages (HO)
)
(C:/Users/campa/AppData/Local/Programs/MiKTeX/tex/latex/kvsetkeys/kvsetkeys.sty
Package: kvsetkeys 2022-10-05 v1.19 Key value parser (HO)
)
(C:/Users/campa/AppData/Local/Programs/MiKTeX/tex/generic/kvdefinekeys/kvdefine
keys.sty
Package: kvdefinekeys 2019-12-19 v1.6 Define keys (HO)
)
(C:/Users/campa/AppData/Local/Programs/MiKTeX/tex/generic/pdfescape/pdfescape.s
ty
Package: pdfescape 2019/12/09 v1.15 Implements pdfTeX's escape features (HO)

(C:/Users/campa/AppData/Local/Programs/MiKTeX/tex/generic/ltxcmds/ltxcmds.sty
Package: ltxcmds 2023-12-04 v1.26 LaTeX kernel commands for general use (HO)
)
(C:/Users/campa/AppData/Local/Programs/MiKTeX/tex/generic/pdftexcmds/pdftexcmds
.sty
Package: pdftexcmds 2020-06-27 v0.33 Utility functions of pdfTeX for LuaTeX (HO
)
Package pdftexcmds Info: \pdf@primitive is available.
Package pdftexcmds Info: \pdf@ifprimitive is available.
Package pdftexcmds Info: \pdfdraftmode found.
\pdftexcmds@toks=\toks20
))
(C:/Users/campa/AppData/Local/Programs/MiKTeX/tex/latex/hycolor/hycolor.sty
Package: hycolor 2020-01-27 v1.10 Color options for hyperref/bookmark (HO)
)
(C:/Users/campa/AppData/Local/Programs/MiKTeX/tex/latex/letltxmacro/letltxmacro
.sty
Package: letltxmacro 2019/12/03 v1.6 Let assignment for LaTeX macros (HO)
)
(C:/Users/campa/AppData/Local/Programs/MiKTeX/tex/latex/auxhook/auxhook.sty
Package: auxhook 2019-12-17 v1.6 Hooks for auxiliary files (HO)
)
(C:/Users/campa/AppData/Local/Programs/MiKTeX/tex/latex/hyperref/nameref.sty
Package: nameref 2023-11-26 v2.56 Cross-referencing by name of section

(C:/Users/campa/AppData/Local/Programs/MiKTeX/tex/latex/refcount/refcount.sty
Package: refcount 2019/12/15 v3.6 Data extraction from label references (HO)
)
(C:/Users/campa/AppData/Local/Programs/MiKTeX/tex/generic/gettitlestring/gettit
lestring.sty
Package: gettitlestring 2019/12/15 v1.6 Cleanup title references (HO)

(C:/Users/campa/AppData/Local/Programs/MiKTeX/tex/latex/kvoptions/kvoptions.sty
Package: kvoptions 2022-06-15 v3.15 Key value format for package options (HO)
))
\c@section@level=\count267
)
(C:/Users/campa/AppData/Local/Programs/MiKTeX/tex/latex/etoolbox/etoolbox.sty
Package: etoolbox 2020/10/05 v2.5k e-TeX tools for LaTeX (JAW)
\etb@tempcnta=\count268
)
\@linkdim=\dimen164
\Hy@linkcounter=\count269
\Hy@pagecounter=\count270

(C:/Users/campa/AppData/Local/Programs/MiKTeX/tex/latex/hyperref/pd1enc.def
File: pd1enc.def 2023-11-26 v7.01g Hyperref: PDFDocEncoding definition (HO)
)
(C:/Users/campa/AppData/Local/Programs/MiKTeX/tex/generic/intcalc/intcalc.sty
Package: intcalc 2019/12/15 v1.3 Expandable calculations with integers (HO)
)
\Hy@SavedSpaceFactor=\count271

(C:/Users/campa/AppData/Local/Programs/MiKTeX/tex/latex/hyperref/puenc.def
File: puenc.def 2023-11-26 v7.01g Hyperref: PDF Unicode definition (HO)
)
Package hyperref Info: Hyper figures OFF on input line 4181.
Package hyperref Info: Link nesting OFF on input line 4186.
Package hyperref Info: Hyper index ON on input line 4189.
Package hyperref Info: Plain pages OFF on input line 4196.
Package hyperref Info: Backreferencing OFF on input line 4201.
Package hyperref Info: Implicit mode ON; LaTeX internals redefined.
Package hyperref Info: Bookmarks ON on input line 4448.
\c@Hy@tempcnt=\count272

(C:/Users/campa/AppData/Local/Programs/MiKTeX/tex/latex/url/url.sty
\Urlmuskip=\muskip16
Package: url 2013/09/16  ver 3.4  Verb mode for urls, etc.
)
LaTeX Info: Redefining \url on input line 4786.
\XeTeXLinkMargin=\dimen165

(C:/Users/campa/AppData/Local/Programs/MiKTeX/tex/generic/bitset/bitset.sty
Package: bitset 2019/12/09 v1.3 Handle bit-vector datatype (HO)

(C:/Users/campa/AppData/Local/Programs/MiKTeX/tex/generic/bigintcalc/bigintcalc
.sty
Package: bigintcalc 2019/12/15 v1.5 Expandable calculations on big integers (HO
)
))
\Fld@menulength=\count273
\Field@Width=\dimen166
\Fld@charsize=\dimen167
Package hyperref Info: Hyper figures OFF on input line 6065.
Package hyperref Info: Link nesting OFF on input line 6070.
Package hyperref Info: Hyper index ON on input line 6073.
Package hyperref Info: backreferencing OFF on input line 6080.
Package hyperref Info: Link coloring OFF on input line 6085.
Package hyperref Info: Link coloring with OCG OFF on input line 6090.
Package hyperref Info: PDF/A mode OFF on input line 6095.

(C:/Users/campa/AppData/Local/Programs/MiKTeX/tex/latex/base/atbegshi-ltx.sty
Package: atbegshi-ltx 2021/01/10 v1.0c Emulation of the original atbegshi
package with kernel methods
)
\Hy@abspage=\count274
\c@Item=\count275
\c@Hfootnote=\count276
)
Package hyperref Info: Driver (autodetected): hluatex.
(C:/Users/campa/AppData/Local/Programs/MiKTeX/tex/latex/hyperref/hluatex.def
File: hluatex.def 2023-11-26 v7.01g Hyperref driver for luaTeX

(C:/Users/campa/AppData/Local/Programs/MiKTeX/tex/generic/stringenc/stringenc.s
ty
Package: stringenc 2019/11/29 v1.12 Convert strings between diff. encodings (HO
)
)
(C:/Users/campa/AppData/Local/Programs/MiKTeX/tex/latex/base/atveryend-ltx.sty
Package: atveryend-ltx 2020/08/19 v1.0a Emulation of the original atveryend pac
kage
with kernel methods
)
\Fld@listcount=\count277
\c@bookmark@seq@number=\count278

(C:/Users/campa/AppData/Local/Programs/MiKTeX/tex/latex/rerunfilecheck/rerunfil
echeck.sty
Package: rerunfilecheck 2025-06-21 v1.11 Rerun checks for auxiliary files (HO)

(C:/Users/campa/AppData/Local/Programs/MiKTeX/tex/generic/uniquecounter/uniquec
ounter.sty
Package: uniquecounter 2019/12/15 v1.4 Provide unlimited unique counter (HO)
)
Package uniquecounter Info: New unique counter `rerunfilecheck' on input line 2
84.
)
\Hy@SectionHShift=\skip52
)
(C:/Users/campa/AppData/Local/Programs/MiKTeX/tex/latex/xurl/xurl.sty
Package: xurl 2022/01/09 v 0.10 modify URL breaks
)
(C:/Users/campa/AppData/Local/Programs/MiKTeX/tex/latex/geometry/geometry.sty
Package: geometry 2020/01/02 v5.9 Page Geometry

(C:/Users/campa/AppData/Local/Programs/MiKTeX/tex/generic/iftex/ifvtex.sty
Package: ifvtex 2019/10/25 v1.7 ifvtex legacy package. Use iftex instead.
)
\Gm@cnth=\count279
\Gm@cntv=\count280
\c@Gm@tempcnt=\count281
\Gm@bindingoffset=\dimen168
\Gm@wd@mp=\dimen169
\Gm@odd@mp=\dimen170
\Gm@even@mp=\dimen171
\Gm@layoutwidth=\dimen172
\Gm@layoutheight=\dimen173
\Gm@layouthoffset=\dimen174
\Gm@layoutvoffset=\dimen175
\Gm@dimlist=\toks21

(C:/Users/campa/AppData/Local/Programs/MiKTeX/tex/latex/geometry/geometry.cfg)) (C:/Users/campa/AppData/Local/Programs/MiKTeX/tex/latex/amsmath/amsmath.sty
Package: amsmath 2023/05/13 v2.17o AMS math features
\@mathmargin=\skip53

For additional information on amsmath, use the `?' option.
(C:/Users/campa/AppData/Local/Programs/MiKTeX/tex/latex/amsmath/amstext.sty
Package: amstext 2021/08/26 v2.01 AMS text

(C:/Users/campa/AppData/Local/Programs/MiKTeX/tex/latex/amsmath/amsgen.sty
File: amsgen.sty 1999/11/30 v2.0 generic functions
\@emptytoks=\toks22
\ex@=\dimen176
))
(C:/Users/campa/AppData/Local/Programs/MiKTeX/tex/latex/amsmath/amsbsy.sty
Package: amsbsy 1999/11/29 v1.2d Bold Symbols
\pmbraise@=\dimen177
)
(C:/Users/campa/AppData/Local/Programs/MiKTeX/tex/latex/amsmath/amsopn.sty
Package: amsopn 2022/04/08 v2.04 operator names
)
\inf@bad=\count282
LaTeX Info: Redefining \frac on input line 236.
\uproot@=\count283
\leftroot@=\count284
LaTeX Info: Redefining \overline on input line 399.
LaTeX Info: Redefining \colon on input line 410.
\classnum@=\count285
\DOTSCASE@=\count286
LaTeX Info: Redefining \ldots on input line 496.
LaTeX Info: Redefining \dots on input line 499.
LaTeX Info: Redefining \cdots on input line 620.
\Mathstrutbox@=\box53
\strutbox@=\box54
LaTeX Info: Redefining \big on input line 722.
LaTeX Info: Redefining \Big on input line 723.
LaTeX Info: Redefining \bigg on input line 724.
LaTeX Info: Redefining \Bigg on input line 725.
\big@size=\dimen178
LaTeX Font Info:    Redeclaring font encoding OML on input line 743.
LaTeX Font Info:    Redeclaring font encoding OMS on input line 744.
\macc@depth=\count287
LaTeX Info: Redefining \bmod on input line 905.
LaTeX Info: Redefining \pmod on input line 910.
LaTeX Info: Redefining \smash on input line 940.
LaTeX Info: Redefining \relbar on input line 970.
LaTeX Info: Redefining \Relbar on input line 971.
\c@MaxMatrixCols=\count288
\dotsspace@=\muskip17
\c@parentequation=\count289
\dspbrk@lvl=\count290
\tag@help=\toks23
\row@=\count291
\column@=\count292
\maxfields@=\count293
\andhelp@=\toks24
\eqnshift@=\dimen179
\alignsep@=\dimen180
\tagshift@=\dimen181
\tagwidth@=\dimen182
\totwidth@=\dimen183
\lineht@=\dimen184
\@envbody=\toks25
\multlinegap=\skip54
\multlinetaggap=\skip55
\mathdisplay@stack=\toks26
LaTeX Info: Redefining \[ on input line 2953.
LaTeX Info: Redefining \] on input line 2954.
)
(C:/Users/campa/AppData/Local/Programs/MiKTeX/tex/latex/booktabs/booktabs.sty
Package: booktabs 2020/01/12 v1.61803398 Publication quality tables
\heavyrulewidth=\dimen185
\lightrulewidth=\dimen186
\cmidrulewidth=\dimen187
\belowrulesep=\dimen188
\belowbottomsep=\dimen189
\aboverulesep=\dimen190
\abovetopsep=\dimen191
\cmidrulesep=\dimen192
\cmidrulekern=\dimen193
\defaultaddspace=\dimen194
\@cmidla=\count294
\@cmidlb=\count295
\@aboverulesep=\dimen195
\@belowrulesep=\dimen196
\@thisruleclass=\count296
\@lastruleclass=\count297
\@thisrulewidth=\dimen197
)
(C:/Users/campa/AppData/Local/Programs/MiKTeX/tex/latex/fancyhdr/fancyhdr.sty
Package: fancyhdr 2025/02/07 v5.2 Extensive control of page headers and footers

\f@nch@headwidth=\skip56
\f@nch@offset@elh=\skip57
\f@nch@offset@erh=\skip58
\f@nch@offset@olh=\skip59
\f@nch@offset@orh=\skip60
\f@nch@offset@elf=\skip61
\f@nch@offset@erf=\skip62
\f@nch@offset@olf=\skip63
\f@nch@offset@orf=\skip64
\f@nch@height=\skip65
\f@nch@footalignment=\skip66
\f@nch@widthL=\skip67
\f@nch@widthC=\skip68
\f@nch@widthR=\skip69
\@temptokenb=\toks27
)
(C:/Users/campa/AppData/Local/Programs/MiKTeX/tex/latex/setspace/setspace.sty
Package: setspace 2022/12/04 v6.7b set line spacing
)
(C:/Users/campa/AppData/Local/Programs/MiKTeX/tex/latex/lipsum/lipsum.sty
(C:/Users/campa/AppData/Local/Programs/MiKTeX/tex/latex/l3packages/l3keys2e/l3k
eys2e.sty
(C:/Users/campa/AppData/Local/Programs/MiKTeX/tex/latex/l3kernel/expl3.sty
Package: expl3 2024-01-04 L3 programming layer (loader) 

(C:/Users/campa/AppData/Local/Programs/MiKTeX/tex/latex/l3backend/l3backend-lua
tex.def
File: l3backend-luatex.def 2024-01-04 L3 backend support: PDF output (LuaTeX)
\l__color_backend_stack_int=\count298
Inserting `l3color' in `luaotfload.parse_color'.
\l__pdf_internal_box=\box55
))
Package: l3keys2e 2023-10-10 LaTeX2e option processing using LaTeX3 keys
)
Package: lipsum 2021-09-20 v2.7 150 paragraphs of Lorem Ipsum dummy text
\g__lipsum_par_int=\count299
\l__lipsum_a_int=\count300
\l__lipsum_b_int=\count301

(C:/Users/campa/AppData/Local/Programs/MiKTeX/tex/latex/lipsum/lipsum.ltd.tex)) (C:/Users/campa/AppData/Local/Programs/MiKTeX/tex/latex/listings/listings.sty
\lst@mode=\count302
\lst@gtempboxa=\box56
\lst@token=\toks28
\lst@length=\count303
\lst@currlwidth=\dimen198
\lst@column=\count304
\lst@pos=\count305
\lst@lostspace=\dimen199
\lst@width=\dimen256
\lst@newlines=\count306
\lst@lineno=\count307
\lst@maxwidth=\dimen257

(C:/Users/campa/AppData/Local/Programs/MiKTeX/tex/latex/listings/lstmisc.sty
File: lstmisc.sty 2023/02/27 1.9 (Carsten Heinz)
\c@lstnumber=\count308
\lst@skipnumbers=\count309
\lst@framebox=\box57
)
(C:/Users/campa/AppData/Local/Programs/MiKTeX/tex/latex/listings/listings.cfg
File: listings.cfg 2023/02/27 1.9 listings configuration
))
Package: listings 2023/02/27 1.9 (Carsten Heinz)
(C:/Users/campa/AppData/Local/Programs/MiKTeX/tex/latex/xcolor/xcolor.sty
Package: xcolor 2023/11/15 v3.01 LaTeX color extensions (UK)

(C:/Users/campa/AppData/Local/Programs/MiKTeX/tex/latex/graphics-cfg/color.cfg
File: color.cfg 2016/01/02 v1.6 sample color configuration
)
Package xcolor Info: Driver file: luatex.def on input line 274.
(C:/Users/campa/AppData/Local/Programs/MiKTeX/tex/latex/graphics/mathcolor.ltx)
Package xcolor Info: Model `cmy' substituted by `cmy0' on input line 1350.
Package xcolor Info: Model `hsb' substituted by `rgb' on input line 1354.
Package xcolor Info: Model `RGB' extended on input line 1366.
Package xcolor Info: Model `HTML' substituted by `rgb' on input line 1368.
Package xcolor Info: Model `Hsb' substituted by `hsb' on input line 1369.
Package xcolor Info: Model `tHsb' substituted by `hsb' on input line 1370.
Package xcolor Info: Model `HSB' substituted by `hsb' on input line 1371.
Package xcolor Info: Model `Gray' substituted by `gray' on input line 1372.
Package xcolor Info: Model `wave' substituted by `hsb' on input line 1373.
) (C:/Users/campa/AppData/Local/Programs/MiKTeX/tex/latex/float/float.sty
Package: float 2001/11/08 v1.3d Float enhancements (AL)
\c@float@type=\count310
\float@exts=\toks29
\float@box=\box58
\@float@everytoks=\toks30
\@floatcapt=\box59
)
(./assignment2.aux

LaTeX Warning: Label `fig:control_signal_high_vs_low_BW_A' multiply defined.


LaTeX Warning: Label `sub@fig:control_signal_high_vs_low_BW_A' multiply defined
.

)
\openout1 = assignment2.aux

LaTeX Font Info:    Checking defaults for OML/cmm/m/it on input line 43.
LaTeX Font Info:    ... okay on input line 43.
LaTeX Font Info:    Checking defaults for OMS/cmsy/m/n on input line 43.
LaTeX Font Info:    ... okay on input line 43.
LaTeX Font Info:    Checking defaults for OT1/cmr/m/n on input line 43.
LaTeX Font Info:    ... okay on input line 43.
LaTeX Font Info:    Checking defaults for T1/cmr/m/n on input line 43.
LaTeX Font Info:    ... okay on input line 43.
LaTeX Font Info:    Checking defaults for TS1/cmr/m/n on input line 43.
LaTeX Font Info:    Trying to load font information for TS1+cmr on input line 4
3.
 (C:/Users/campa/AppData/Local/Programs/MiKTeX/tex/latex/base/ts1cmr.fd
File: ts1cmr.fd 2023/04/13 v2.5m Standard LaTeX font definitions
)
LaTeX Font Info:    ... okay on input line 43.
LaTeX Font Info:    Checking defaults for TU/lmr/m/n on input line 43.
LaTeX Font Info:    ... okay on input line 43.
LaTeX Font Info:    Checking defaults for OMX/cmex/m/n on input line 43.
LaTeX Font Info:    ... okay on input line 43.
LaTeX Font Info:    Checking defaults for U/cmr/m/n on input line 43.
LaTeX Font Info:    ... okay on input line 43.
LaTeX Font Info:    Checking defaults for PD1/pdf/m/n on input line 43.
LaTeX Font Info:    ... okay on input line 43.
LaTeX Font Info:    Checking defaults for PU/pdf/m/n on input line 43.
LaTeX Font Info:    ... okay on input line 43.

(C:/Users/campa/AppData/Local/Programs/MiKTeX/tex/context/base/mkii/supp-pdf.mk
ii
[Loading MPS to PDF converter (version 2006.09.02).]
\scratchcounter=\count311
\scratchdimen=\dimen258
\scratchbox=\box60
\nofMPsegments=\count312
\nofMParguments=\count313
\everyMPshowfont=\toks31
\MPscratchCnt=\count314
\MPscratchDim=\dimen259
\MPnumerator=\count315
\makeMPintoPDFobject=\count316
\everyMPtoPDFconversion=\toks32
)
(C:/Users/campa/AppData/Local/Programs/MiKTeX/tex/latex/epstopdf-pkg/epstopdf-b
ase.sty
Package: epstopdf-base 2020-01-24 v2.11 Base part for package epstopdf
Package epstopdf-base Info: Redefining graphics rule for `.eps' on input line 4
85.

(C:/Users/campa/AppData/Local/Programs/MiKTeX/tex/latex/00miktex/epstopdf-sys.c
fg
File: epstopdf-sys.cfg 2021/03/18 v2.0 Configuration of epstopdf for MiKTeX
))
Package caption Info: Begin \AtBeginDocument code.
Package caption Info: float package is loaded.
Package caption Info: hyperref package is loaded.
Package caption Info: listings package is loaded.
Package caption Info: End \AtBeginDocument code.
Package hyperref Info: Link coloring OFF on input line 43.
 (./assignment2.out) (./assignment2.out)
\@outlinefile=\write3

\openout3 = assignment2.out

*geometry* driver: auto-detecting
*geometry* detected driver: luatex
*geometry* verbose mode - [ preamble ] result:
* driver: luatex
* paper: <default>
* layout: <same size as paper>
* layoutoffset:(h,v)=(0.0pt,0.0pt)
* modes: 
* h-part:(L,W,R)=(72.26999pt, 469.75502pt, 72.26999pt)
* v-part:(T,H,B)=(72.26999pt, 650.43001pt, 72.26999pt)
* \paperwidth=614.295pt
* \paperheight=794.96999pt
* \textwidth=469.75502pt
* \textheight=650.43001pt
* \oddsidemargin=0.0pt
* \evensidemargin=0.0pt
* \topmargin=-37.0pt
* \headheight=12.0pt
* \headsep=25.0pt
* \topskip=10.0pt
* \footskip=30.0pt
* \marginparwidth=65.0pt
* \marginparsep=11.0pt
* \columnsep=10.0pt
* \skip\footins=9.0pt plus 4.0pt minus 2.0pt
* \hoffset=0.0pt
* \voffset=0.0pt
* \mag=1000
* \@twocolumnfalse
* \@twosidefalse
* \@mparswitchfalse
* \@reversemarginfalse
* (1in=72.27pt=25.4mm, 1cm=28.453pt)

\c@lstlisting=\count317
<sedes.pdf, id=39, 310.15875pt x 521.95pt>
File: sedes.pdf Graphic file (type pdf)
<use sedes.pdf>
Package luatex.def Info: sedes.pdf  used on input line 54.
(luatex.def)             Requested size: 33.81467pt x 56.9055pt.
<logoFirW.jpg, id=41, 341.3553pt x 132.0132pt>
File: logoFirW.jpg Graphic file (type jpg)
<use logoFirW.jpg>
Package luatex.def Info: logoFirW.jpg  used on input line 62.
(luatex.def)             Requested size: 147.14452pt x 56.9055pt.
[1

{C:/Users/campa/AppData/Local/MiKTeX/fonts/map/pdftex/pdftex.map}<./sedes.pdf><.
/logoFirW.jpg>]
warning  (pdf backend): ignoring duplicate destination with the name 'page.I'
[1] [1]
Underfull \hbox (badness 10000) in paragraph at lines 205--213

 []


Overfull \hbox (17.3414pt too wide) in paragraph at lines 236--237
[]\TU/lmr/bx/n/10 Frequency-domain ver-i-fi-ca-tion:[] \TU/lmr/m/n/10 The Bode 
plot for the com-pen-sated open-loop sys-tem $\OML/cmm/m/it/10 L\OT1/cmr/m/n/10
 (\OML/cmm/m/it/10 j!\OT1/cmr/m/n/10 ) = \OML/cmm/m/it/10 D\OT1/cmr/m/n/10 (\OM
L/cmm/m/it/10 j!\OT1/cmr/m/n/10 )\OML/cmm/m/it/10 G\OT1/cmr/m/n/10 (\OML/cmm/m/
it/10 j!\OT1/cmr/m/n/10 )$
 []

[2]
<Figures_part_1b/Verification-Open-loop-A.png, id=121, 952.55875pt x 634.37pt>
File: Figures_part_1b/Verification-Open-loop-A.png Graphic file (type png)
<use Figures_part_1b/Verification-Open-loop-A.png>
Package luatex.def Info: Figures_part_1b/Verification-Open-loop-A.png  used on 
input line 264.
(luatex.def)             Requested size: 225.4804pt x 150.16109pt.
<Figures_part_1b/Verification-PI-A.png, id=122, 954.56625pt x 642.4pt>
File: Figures_part_1b/Verification-PI-A.png Graphic file (type png)
<use Figures_part_1b/Verification-PI-A.png>
Package luatex.def Info: Figures_part_1b/Verification-PI-A.png  used on input l
ine 271.
(luatex.def)             Requested size: 225.4804pt x 151.73839pt.
File: Figures_part_1b/Verification-PI-A.png Graphic file (type png)
<use Figures_part_1b/Verification-PI-A.png>
Package luatex.def Info: Figures_part_1b/Verification-PI-A.png  used on input l
ine 281.
(luatex.def)             Requested size: 225.4804pt x 151.73839pt.
<Figures_part_1b/Verification-PI-B.png, id=123, 946.53625pt x 641.39626pt>
File: Figures_part_1b/Verification-PI-B.png Graphic file (type png)
<use Figures_part_1b/Verification-PI-B.png>
Package luatex.def Info: Figures_part_1b/Verification-PI-B.png  used on input l
ine 288.
(luatex.def)             Requested size: 225.4804pt x 152.78339pt.
<Figures_part_1b/Verification-Closed-loop-A.png, id=124, 969.6225pt x 644.4075p
t>
File: Figures_part_1b/Verification-Closed-loop-A.png Graphic file (type png)
<use Figures_part_1b/Verification-Closed-loop-A.png>
Package luatex.def Info: Figures_part_1b/Verification-Closed-loop-A.png  used o
n input line 298.
(luatex.def)             Requested size: 225.4804pt x 149.85269pt.
<Figures_part_1b/Verification-Closed-loop-B.png, id=125, 956.57375pt x 636.3775
pt>
File: Figures_part_1b/Verification-Closed-loop-B.png Graphic file (type png)
<use Figures_part_1b/Verification-Closed-loop-B.png>
Package luatex.def Info: Figures_part_1b/Verification-Closed-loop-B.png  used o
n input line 305.
(luatex.def)             Requested size: 225.4804pt x 150.00511pt.
<Figures_part_1b/Verification-Time-A.png, id=128, 1005.7575pt x 647.41875pt>
File: Figures_part_1b/Verification-Time-A.png Graphic file (type png)
<use Figures_part_1b/Verification-Time-A.png>
Package luatex.def Info: Figures_part_1b/Verification-Time-A.png  used on input
 line 328.
(luatex.def)             Requested size: 230.18253pt x 148.16226pt.
<Figures_part_1b/Verification-Time-B.png, id=129, 981.6675pt x 635.37375pt>
File: Figures_part_1b/Verification-Time-B.png Graphic file (type png)
<use Figures_part_1b/Verification-Time-B.png>
Package luatex.def Info: Figures_part_1b/Verification-Time-B.png  used on input
 line 335.
(luatex.def)             Requested size: 230.18253pt x 148.98322pt.
 [3] [4<./Figures_part_1b/Verification-Open-loop-A.png><./Figures_part_1b/Verifi
cation-PI-A.png><./Figures_part_1b/Verification-PI-B.png><./Figures_part_1b/Veri
fication-Closed-loop-A.png><./Figures_part_1b/Verification-Closed-loop-B.png>]
<Figures_part_2a/step_response_no_disturbance_A.png, id=155, 961.5925pt x 626.3
4pt>
File: Figures_part_2a/step_response_no_disturbance_A.png Graphic file (type png
)
<use Figures_part_2a/step_response_no_disturbance_A.png>
Package luatex.def Info: Figures_part_2a/step_response_no_disturbance_A.png  us
ed on input line 388.
(luatex.def)             Requested size: 230.18253pt x 149.93282pt.
<Figures_part_2a/step_response_no_disturbance_B.png, id=156, 947.54pt x 625.336
24pt>
File: Figures_part_2a/step_response_no_disturbance_B.png Graphic file (type png
)
<use Figures_part_2a/step_response_no_disturbance_B.png>
Package luatex.def Info: Figures_part_2a/step_response_no_disturbance_B.png  us
ed on input line 395.
(luatex.def)             Requested size: 230.18253pt x 151.90625pt.
<Figures_part_2a/tracking_error_no_disturbance_A.png, id=158, 974.64125pt x 630
.355pt>
File: Figures_part_2a/tracking_error_no_disturbance_A.png Graphic file (type pn
g)
<use Figures_part_2a/tracking_error_no_disturbance_A.png>
Package luatex.def Info: Figures_part_2a/tracking_error_no_disturbance_A.png  u
sed on input line 412.
(luatex.def)             Requested size: 230.18253pt x 148.86444pt.
<Figures_part_2a/tracking_error_no_disturbance_B.png, id=159, 948.54375pt x 622
.325pt>
File: Figures_part_2a/tracking_error_no_disturbance_B.png Graphic file (type pn
g)
<use Figures_part_2a/tracking_error_no_disturbance_B.png>
Package luatex.def Info: Figures_part_2a/tracking_error_no_disturbance_B.png  u
sed on input line 419.
(luatex.def)             Requested size: 230.18253pt x 151.01334pt.
 [5<./Figures_part_1b/Verification-Time-A.png><./Figures_part_1b/Verification-Ti
me-B.png>] [6<./Figures_part_2a/step_response_no_disturbance_A.png><./Figures_pa
rt_2a/step_response_no_disturbance_B.png><./Figures_part_2a/tracking_error_no_di
sturbance_A.png><./Figures_part_2a/tracking_error_no_disturbance_B.png>]
<Figures_part_2a/control_signal_no_disturbance_A.png, id=182, 948.54375pt x 625
.33624pt>
File: Figures_part_2a/control_signal_no_disturbance_A.png Graphic file (type pn
g)
<use Figures_part_2a/control_signal_no_disturbance_A.png>
Package luatex.def Info: Figures_part_2a/control_signal_no_disturbance_A.png  u
sed on input line 437.
(luatex.def)             Requested size: 230.18253pt x 151.74405pt.
<Figures_part_2a/control_signal_no_disturbance_B.png, id=183, 952.55875pt x 624
.3325pt>
File: Figures_part_2a/control_signal_no_disturbance_B.png Graphic file (type pn
g)
<use Figures_part_2a/control_signal_no_disturbance_B.png>
Package luatex.def Info: Figures_part_2a/control_signal_no_disturbance_B.png  u
sed on input line 444.
(luatex.def)             Requested size: 230.18253pt x 150.8622pt.
<Figures_part_2b/block_diagram_constant_disturbance.png, id=185, 1147.28625pt x
 375.4025pt>
File: Figures_part_2b/block_diagram_constant_disturbance.png Graphic file (type
 png)
<use Figures_part_2b/block_diagram_constant_disturbance.png>
Package luatex.def Info: Figures_part_2b/block_diagram_constant_disturbance.png
  used on input line 477.
(luatex.def)             Requested size: 375.80544pt x 122.96669pt.

LaTeX Warning: `!h' float specifier changed to `!ht'.

[7<./Figures_part_2a/control_signal_no_disturbance_A.png><./Figures_part_2a/cont
rol_signal_no_disturbance_B.png>]
<Figures_part_2b/step_response_with_disturbance_A.png, id=202, 952.55875pt x 61
8.31pt>
File: Figures_part_2b/step_response_with_disturbance_A.png Graphic file (type p
ng)
<use Figures_part_2b/step_response_with_disturbance_A.png>
Package luatex.def Info: Figures_part_2b/step_response_with_disturbance_A.png  
used on input line 493.
(luatex.def)             Requested size: 230.18253pt x 149.40694pt.
<Figures_part_2b/step_response_with_disturbance_B.png, id=203, 956.57375pt x 62
0.3175pt>
File: Figures_part_2b/step_response_with_disturbance_B.png Graphic file (type p
ng)
<use Figures_part_2b/step_response_with_disturbance_B.png>
Package luatex.def Info: Figures_part_2b/step_response_with_disturbance_B.png  
used on input line 500.
(luatex.def)             Requested size: 230.18253pt x 149.26732pt.
<Figures_part_2b/tracking_error_with_disturbance_A.png, id=205, 964.60374pt x 6
28.3475pt>
File: Figures_part_2b/tracking_error_with_disturbance_A.png Graphic file (type 
png)
<use Figures_part_2b/tracking_error_with_disturbance_A.png>
Package luatex.def Info: Figures_part_2b/tracking_error_with_disturbance_A.png 
 used on input line 518.
(luatex.def)             Requested size: 230.18253pt x 149.93399pt.
<Figures_part_2b/tracking_error_with_disturbance_B.png, id=206, 947.54pt x 622.
325pt>
File: Figures_part_2b/tracking_error_with_disturbance_B.png Graphic file (type 
png)
<use Figures_part_2b/tracking_error_with_disturbance_B.png>
Package luatex.def Info: Figures_part_2b/tracking_error_with_disturbance_B.png 
 used on input line 525.
(luatex.def)             Requested size: 230.18253pt x 151.17476pt.
<Figures_part_2b/control_signal_with_disturbance_A.png, id=208, 953.5625pt x 61
9.31375pt>
File: Figures_part_2b/control_signal_with_disturbance_A.png Graphic file (type 
png)
<use Figures_part_2b/control_signal_with_disturbance_A.png>
Package luatex.def Info: Figures_part_2b/control_signal_with_disturbance_A.png 
 used on input line 545.
(luatex.def)             Requested size: 230.18253pt x 149.49828pt.
<Figures_part_2b/control_signal_with_disturbance_B.png, id=209, 950.55125pt x 6
21.32124pt>
File: Figures_part_2b/control_signal_with_disturbance_B.png Graphic file (type 
png)
<use Figures_part_2b/control_signal_with_disturbance_B.png>
Package luatex.def Info: Figures_part_2b/control_signal_with_disturbance_B.png 
 used on input line 552.
(luatex.def)             Requested size: 230.18253pt x 150.45691pt.


Package hyperref Warning: Token not allowed in a PDF string (Unicode):
(hyperref)                removing `math shift' on input line 567.


Package hyperref Warning: Token not allowed in a PDF string (Unicode):
(hyperref)                removing `math shift' on input line 567.

[8<./Figures_part_2b/block_diagram_constant_disturbance.png><./Figures_part_2b/s
tep_response_with_disturbance_A.png><./Figures_part_2b/step_response_with_distur
bance_B.png>] [9<./Figures_part_2b/tracking_error_with_disturbance_A.png><./Figu
res_part_2b/tracking_error_with_disturbance_B.png><./Figures_part_2b/control_sig
nal_with_disturbance_A.png><./Figures_part_2b/control_signal_with_disturbance_B.
png>]
<Figures_part_2c/step_response_high_vs_low_BW_A.png, id=233, 976.64874pt x 628.
3475pt>
File: Figures_part_2c/step_response_high_vs_low_BW_A.png Graphic file (type png
)
<use Figures_part_2c/step_response_high_vs_low_BW_A.png>
Package luatex.def Info: Figures_part_2c/step_response_high_vs_low_BW_A.png  us
ed on input line 594.
(luatex.def)             Requested size: 230.18253pt x 148.09312pt.
<Figures_part_2c/step_response_high_vs_low_BW_B.png, id=234, 966.61125pt x 625.
33624pt>
File: Figures_part_2c/step_response_high_vs_low_BW_B.png Graphic file (type png
)
<use Figures_part_2c/step_response_high_vs_low_BW_B.png>
Package luatex.def Info: Figures_part_2c/step_response_high_vs_low_BW_B.png  us
ed on input line 601.
(luatex.def)             Requested size: 230.18253pt x 148.91011pt.
<Figures_part_2c/tracking_error_high_vs_low_BW_A.png, id=236, 949.5475pt x 617.
30624pt>
File: Figures_part_2c/tracking_error_high_vs_low_BW_A.png Graphic file (type pn
g)
<use Figures_part_2c/tracking_error_high_vs_low_BW_A.png>
Package luatex.def Info: Figures_part_2c/tracking_error_high_vs_low_BW_A.png  u
sed on input line 621.
(luatex.def)             Requested size: 230.18253pt x 149.64478pt.
<Figures_part_2c/tracking_error_high_vs_low_BW_B.png, id=237, 968.61874pt x 617
.30624pt>
File: Figures_part_2c/tracking_error_high_vs_low_BW_B.png Graphic file (type pn
g)
<use Figures_part_2c/tracking_error_high_vs_low_BW_B.png>
Package luatex.def Info: Figures_part_2c/tracking_error_high_vs_low_BW_B.png  u
sed on input line 628.
(luatex.def)             Requested size: 230.18253pt x 146.69652pt.
 [10<./Figures_part_2c/step_response_high_vs_low_BW_A.png><./Figures_part_2c/ste
p_response_high_vs_low_BW_B.png>]
<Figures_part_2c/control_signal_high_vs_low_BW_A.png, id=254, 950.55125pt x 624
.3325pt>
File: Figures_part_2c/control_signal_high_vs_low_BW_A.png Graphic file (type pn
g)
<use Figures_part_2c/control_signal_high_vs_low_BW_A.png>
Package luatex.def Info: Figures_part_2c/control_signal_high_vs_low_BW_A.png  u
sed on input line 648.
(luatex.def)             Requested size: 230.18253pt x 151.1861pt.
<Figures_part_2c/control_signal_high_vs_low_BW_B.png, id=255, 960.58875pt x 623
.32875pt>
File: Figures_part_2c/control_signal_high_vs_low_BW_B.png Graphic file (type pn
g)
<use Figures_part_2c/control_signal_high_vs_low_BW_B.png>
Package luatex.def Info: Figures_part_2c/control_signal_high_vs_low_BW_B.png  u
sed on input line 655.
(luatex.def)             Requested size: 230.18253pt x 149.36417pt.
 [11<./Figures_part_2c/tracking_error_high_vs_low_BW_A.png><./Figures_part_2c/tr
acking_error_high_vs_low_BW_B.png><./Figures_part_2c/control_signal_high_vs_low_
BW_A.png><./Figures_part_2c/control_signal_high_vs_low_BW_B.png>] (./assignment
2.bbl) [12]
<Figures_part_1b/Uncompensated-Bode-A.png, id=273, 961.5925pt x 650.43pt>
File: Figures_part_1b/Uncompensated-Bode-A.png Graphic file (type png)
<use Figures_part_1b/Uncompensated-Bode-A.png>
Package luatex.def Info: Figures_part_1b/Uncompensated-Bode-A.png  used on inpu
t line 682.
(luatex.def)             Requested size: 230.18253pt x 155.69946pt.
<Figures_part_1b/Uncompensated-Bode-B.png, id=274, 943.525pt x 647.41875pt>
File: Figures_part_1b/Uncompensated-Bode-B.png Graphic file (type png)
<use Figures_part_1b/Uncompensated-Bode-B.png>
Package luatex.def Info: Figures_part_1b/Uncompensated-Bode-B.png  used on inpu
t line 689.
(luatex.def)             Requested size: 230.18253pt x 157.94228pt.
<Figures_part_1b/Compensated-Bode-without-K-A.png, id=275, 952.55875pt x 645.41
125pt>
File: Figures_part_1b/Compensated-Bode-without-K-A.png Graphic file (type png)
<use Figures_part_1b/Compensated-Bode-without-K-A.png>
Package luatex.def Info: Figures_part_1b/Compensated-Bode-without-K-A.png  used
 on input line 706.
(luatex.def)             Requested size: 225.4804pt x 152.77466pt.
<Figures_part_1b/Compensated-Bode-with-K-A.png, id=276, 953.5625pt x 645.41125p
t>
File: Figures_part_1b/Compensated-Bode-with-K-A.png Graphic file (type png)
<use Figures_part_1b/Compensated-Bode-with-K-A.png>
Package luatex.def Info: Figures_part_1b/Compensated-Bode-with-K-A.png  used on
 input line 713.
(luatex.def)             Requested size: 225.4804pt x 152.60724pt.
<Figures_part_1b/Compensated-Bode-without-K-B.png, id=277, 962.59625pt x 647.41
875pt>
File: Figures_part_1b/Compensated-Bode-without-K-B.png Graphic file (type png)
<use Figures_part_1b/Compensated-Bode-without-K-B.png>
Package luatex.def Info: Figures_part_1b/Compensated-Bode-without-K-B.png  used
 on input line 723.
(luatex.def)             Requested size: 225.4804pt x 151.64948pt.
<Figures_part_1b/Compensated-Bode-with-K-B.png, id=278, 946.53625pt x 640.3925p
t>
File: Figures_part_1b/Compensated-Bode-with-K-B.png Graphic file (type png)
<use Figures_part_1b/Compensated-Bode-with-K-B.png>
Package luatex.def Info: Figures_part_1b/Compensated-Bode-with-K-B.png  used on
 input line 730.
(luatex.def)             Requested size: 225.4804pt x 152.54428pt.
 [13<./Figures_part_1b/Uncompensated-Bode-A.png><./Figures_part_1b/Uncompensated
-Bode-B.png>]
[14<./Figures_part_1b/Compensated-Bode-without-K-A.png><./Figures_part_1b/Compen
sated-Bode-with-K-A.png><./Figures_part_1b/Compensated-Bode-without-K-B.png><./F
igures_part_1b/Compensated-Bode-with-K-B.png>] (./assignment2.aux)
 ***********
LaTeX2e <2023-11-01> patch level 1
L3 programming layer <2024-01-04>
 ***********


LaTeX Warning: There were multiply-defined labels.


Package rerunfilecheck Warning: File `assignment2.out' has changed.
(rerunfilecheck)                Rerun to get outlines right
(rerunfilecheck)                or use package `bookmark'.

Package rerunfilecheck Info: Checksums for `assignment2.out':
(rerunfilecheck)             Before: F7247FFBF4A94C6A1217A7FC120AF50A;3041
(rerunfilecheck)             After:  0DEC3A40A6B4EF35675B6BD6B664D47D;3032.
)

Here is how much of LuaTeX's memory you used:
 16149 strings out of 476497
 125027,1977958 words of node,token memory allocated
 666 words of node memory still in use:
   6 hlist, 2 vlist, 2 rule, 2 glue, 4 kern, 1 glyph, 41 attribute, 58 glue_spec
, 41 attribute_list, 1 write, 2 pdf_action nodes
   avail lists: 2:938,3:319,4:74,5:506,6:80,7:8129,8:109,9:517,10:16,11:611
 37697 multiletter control sequences out of 65536+600000
 56 fonts using 4169623 bytes
 79i,11n,89p,677b,702s stack positions out of 10000i,1000n,20000p,200000b,200000s

warning  (pdf backend): unreferenced destination with name 'equation.1'
<//?/c:/users/campa/appdata/local/programs/miktex/fonts/opentype/public/lm/lmrom
an9-regular.otf><C:/Users/campa/AppData/Local/Programs/MiKTeX/fonts/opentype/pub
lic/lm/lmmono10-italic.otf><C:/Users/campa/AppData/Local/Programs/MiKTeX/fonts/o
pentype/public/lm/lmroman10-italic.otf><C:/Users/campa/AppData/Local/Programs/Mi
KTeX/fonts/opentype/public/lm/lmroman10-bolditalic.otf><//?/c:/users/campa/appda
ta/local/programs/miktex/fonts/opentype/public/lm/lmroman10-regular.otf><//?/c:/
users/campa/appdata/local/programs/miktex/fonts/opentype/public/lm/lmroman10-bol
d.otf><C:/Users/campa/AppData/Local/Programs/MiKTeX/fonts/opentype/public/lm/lmr
oman12-bold.otf><C:/Users/campa/AppData/Local/Programs/MiKTeX/fonts/type1/public
/amsfonts/cm/cmmi10.pfb><C:/Users/campa/AppData/Local/Programs/MiKTeX/fonts/type
1/public/amsfonts/cm/cmmi12.pfb><C:/Users/campa/AppData/Local/Programs/MiKTeX/fo
nts/type1/public/amsfonts/cm/cmmi5.pfb><C:/Users/campa/AppData/Local/Programs/Mi
KTeX/fonts/type1/public/amsfonts/cm/cmmi6.pfb><C:/Users/campa/AppData/Local/Prog
rams/MiKTeX/fonts/type1/public/amsfonts/cm/cmmi7.pfb><C:/Users/campa/AppData/Loc
al/Programs/MiKTeX/fonts/type1/public/amsfonts/cm/cmmi9.pfb><C:/Users/campa/AppD
ata/Local/Programs/MiKTeX/fonts/type1/public/amsfonts/cm/cmr10.pfb><C:/Users/cam
pa/AppData/Local/Programs/MiKTeX/fonts/type1/public/amsfonts/cm/cmr7.pfb><C:/Use
rs/campa/AppData/Local/Programs/MiKTeX/fonts/type1/public/amsfonts/cm/cmr9.pfb><
C:/Users/campa/AppData/Local/Programs/MiKTeX/fonts/type1/public/amsfonts/cm/cmsy
10.pfb><C:/Users/campa/AppData/Local/Programs/MiKTeX/fonts/type1/public/amsfonts
/cm/cmsy7.pfb>
Output written on assignment2.pdf (16 pages, 3345638 bytes).

PDF statistics: 377 PDF objects out of 1000 (max. 8388607)
 86 named destinations out of 1000 (max. 131072)
 93 words of extra memory for PDF output out of 10000 (max. 100000000)

